{"/home/travis/build/npmtest/node-npmtest-crypto/test.js":{"path":"/home/travis/build/npmtest/node-npmtest-crypto/test.js","s":{"1":2,"2":2,"3":2,"4":2,"5":2,"6":2,"7":2,"8":1,"9":2,"10":2,"11":1,"12":1,"13":1,"14":1,"15":2,"16":2,"17":2,"18":2,"19":1,"20":1,"21":2,"22":2,"23":2,"24":1,"25":1,"26":1,"27":1,"28":1,"29":1,"30":1,"31":1,"32":1,"33":1,"34":1,"35":1,"36":1,"37":1,"38":1,"39":2,"40":2,"41":1,"42":2,"43":2,"44":1,"45":2,"46":2,"47":1,"48":2,"49":2,"50":1,"51":1,"52":1,"53":1,"54":1},"b":{"1":[2,1,1,1],"2":[1,1,1,1],"3":[1,1],"4":[1,1],"5":[1,1],"6":[1,1],"7":[1,1],"8":[1,1],"9":[1,1],"10":[1,1,1],"11":[1,1],"12":[1,1],"13":[1,1],"14":[1,1],"15":[1,1],"16":[1,1],"17":[1,1]},"f":{"1":2,"2":2,"3":2,"4":2,"5":2,"6":1,"7":1,"8":1,"9":2,"10":2,"11":2,"12":2,"13":1},"fnMap":{"1":{"name":"(anonymous_1)","line":12,"loc":{"start":{"line":12,"column":1},"end":{"line":12,"column":13}}},"2":{"name":"(anonymous_2)","line":19,"loc":{"start":{"line":19,"column":5},"end":{"line":19,"column":17}}},"3":{"name":"(anonymous_3)","line":23,"loc":{"start":{"line":23,"column":24},"end":{"line":23,"column":36}}},"4":{"name":"(anonymous_4)","line":61,"loc":{"start":{"line":61,"column":5},"end":{"line":61,"column":17}}},"5":{"name":"(anonymous_5)","line":82,"loc":{"start":{"line":82,"column":5},"end":{"line":82,"column":17}}},"6":{"name":"(anonymous_6)","line":91,"loc":{"start":{"line":91,"column":77},"end":{"line":94,"column":10}}},"7":{"name":"(anonymous_7)","line":112,"loc":{"start":{"line":112,"column":83},"end":{"line":115,"column":10}},"skip":true},"8":{"name":"(anonymous_8)","line":123,"loc":{"start":{"line":123,"column":77},"end":{"line":126,"column":10}},"skip":true},"9":{"name":"(anonymous_9)","line":139,"loc":{"start":{"line":139,"column":12},"end":{"line":139,"column":40}},"skip":true},"10":{"name":"(anonymous_10)","line":147,"loc":{"start":{"line":147,"column":77},"end":{"line":150,"column":10}},"skip":true},"11":{"name":"(anonymous_11)","line":158,"loc":{"start":{"line":158,"column":83},"end":{"line":161,"column":10}},"skip":true},"12":{"name":"(anonymous_12)","line":169,"loc":{"start":{"line":169,"column":79},"end":{"line":172,"column":10}},"skip":true},"13":{"name":"(anonymous_13)","line":180,"loc":{"start":{"line":180,"column":75},"end":{"line":183,"column":10}},"skip":true}},"statementMap":{"1":{"start":{"line":12,"column":0},"end":{"line":195,"column":5}},"2":{"start":{"line":14,"column":4},"end":{"line":14,"column":14}},"3":{"start":{"line":19,"column":4},"end":{"line":56,"column":9}},"4":{"start":{"line":21,"column":8},"end":{"line":21,"column":19}},"5":{"start":{"line":23,"column":8},"end":{"line":35,"column":13}},"6":{"start":{"line":24,"column":12},"end":{"line":34,"column":13}},"7":{"start":{"line":25,"column":16},"end":{"line":28,"column":30}},"8":{"start":{"line":30,"column":16},"end":{"line":33,"column":27}},"9":{"start":{"line":37,"column":8},"end":{"line":39,"column":21}},"10":{"start":{"line":40,"column":8},"end":{"line":53,"column":9}},"11":{"start":{"line":43,"column":12},"end":{"line":46,"column":14}},"12":{"start":{"line":47,"column":12},"end":{"line":47,"column":18}},"13":{"start":{"line":50,"column":12},"end":{"line":51,"column":33}},"14":{"start":{"line":52,"column":12},"end":{"line":52,"column":18}},"15":{"start":{"line":55,"column":8},"end":{"line":55,"column":35}},"16":{"start":{"line":61,"column":4},"end":{"line":63,"column":9}},"17":{"start":{"line":62,"column":8},"end":{"line":62,"column":15}},"18":{"start":{"line":64,"column":4},"end":{"line":77,"column":5}},"19":{"start":{"line":70,"column":8},"end":{"line":70,"column":14}},"20":{"start":{"line":76,"column":8},"end":{"line":76,"column":14}},"21":{"start":{"line":82,"column":4},"end":{"line":84,"column":9}},"22":{"start":{"line":83,"column":8},"end":{"line":83,"column":15}},"23":{"start":{"line":85,"column":4},"end":{"line":194,"column":5}},"24":{"start":{"line":91,"column":8},"end":{"line":99,"column":10}},"25":{"start":{"line":98,"column":12},"end":{"line":98,"column":35}},"26":{"start":{"line":102,"column":8},"end":{"line":104,"column":63}},"27":{"start":{"line":105,"column":8},"end":{"line":105,"column":14}},"28":{"start":{"line":112,"column":8},"end":{"line":121,"column":10},"skip":true},"29":{"start":{"line":119,"column":12},"end":{"line":119,"column":55},"skip":true},"30":{"start":{"line":120,"column":12},"end":{"line":120,"column":48},"skip":true},"31":{"start":{"line":123,"column":8},"end":{"line":136,"column":10},"skip":true},"32":{"start":{"line":130,"column":12},"end":{"line":130,"column":76},"skip":true},"33":{"start":{"line":131,"column":12},"end":{"line":131,"column":73},"skip":true},"34":{"start":{"line":132,"column":12},"end":{"line":132,"column":74},"skip":true},"35":{"start":{"line":133,"column":12},"end":{"line":133,"column":79},"skip":true},"36":{"start":{"line":134,"column":12},"end":{"line":134,"column":25},"skip":true},"37":{"start":{"line":135,"column":12},"end":{"line":135,"column":45},"skip":true},"38":{"start":{"line":138,"column":8},"end":{"line":145,"column":14},"skip":true},"39":{"start":{"line":143,"column":16},"end":{"line":143,"column":29},"skip":true},"40":{"start":{"line":144,"column":16},"end":{"line":144,"column":55},"skip":true},"41":{"start":{"line":147,"column":8},"end":{"line":156,"column":10},"skip":true},"42":{"start":{"line":154,"column":12},"end":{"line":154,"column":25},"skip":true},"43":{"start":{"line":155,"column":12},"end":{"line":155,"column":45},"skip":true},"44":{"start":{"line":158,"column":8},"end":{"line":167,"column":10},"skip":true},"45":{"start":{"line":165,"column":12},"end":{"line":165,"column":25},"skip":true},"46":{"start":{"line":166,"column":12},"end":{"line":166,"column":48},"skip":true},"47":{"start":{"line":169,"column":8},"end":{"line":178,"column":10},"skip":true},"48":{"start":{"line":176,"column":12},"end":{"line":176,"column":25},"skip":true},"49":{"start":{"line":177,"column":12},"end":{"line":177,"column":46},"skip":true},"50":{"start":{"line":180,"column":8},"end":{"line":189,"column":10},"skip":true},"51":{"start":{"line":187,"column":12},"end":{"line":187,"column":94},"skip":true},"52":{"start":{"line":188,"column":12},"end":{"line":188,"column":48},"skip":true},"53":{"start":{"line":192,"column":8},"end":{"line":192,"column":35},"skip":true},"54":{"start":{"line":193,"column":8},"end":{"line":193,"column":14},"skip":true}},"branchMap":{"1":{"line":25,"type":"binary-expr","locations":[{"start":{"line":25,"column":23},"end":{"line":25,"column":62}},{"start":{"line":26,"column":20},"end":{"line":26,"column":70}},{"start":{"line":27,"column":20},"end":{"line":27,"column":71}},{"start":{"line":28,"column":20},"end":{"line":28,"column":29}}]},"2":{"line":30,"type":"binary-expr","locations":[{"start":{"line":30,"column":23},"end":{"line":30,"column":37}},{"start":{"line":31,"column":20},"end":{"line":31,"column":61}},{"start":{"line":32,"column":20},"end":{"line":32,"column":70}},{"start":{"line":33,"column":20},"end":{"line":33,"column":26}}]},"3":{"line":37,"type":"cond-expr","locations":[{"start":{"line":38,"column":14},"end":{"line":38,"column":20}},{"start":{"line":39,"column":14},"end":{"line":39,"column":20}}]},"4":{"line":40,"type":"switch","locations":[{"start":{"line":42,"column":8},"end":{"line":47,"column":18}},{"start":{"line":49,"column":8},"end":{"line":52,"column":18}}]},"5":{"line":44,"type":"binary-expr","locations":[{"start":{"line":44,"column":16},"end":{"line":44,"column":44}},{"start":{"line":44,"column":48},"end":{"line":44,"column":66}}]},"6":{"line":50,"type":"binary-expr","locations":[{"start":{"line":50,"column":21},"end":{"line":50,"column":49}},{"start":{"line":50,"column":53},"end":{"line":50,"column":72}}]},"7":{"line":64,"type":"switch","locations":[{"start":{"line":69,"column":4},"end":{"line":70,"column":14}},{"start":{"line":75,"column":4},"end":{"line":76,"column":14}}]},"8":{"line":85,"type":"switch","locations":[{"start":{"line":90,"column":4},"end":{"line":105,"column":14}},{"start":{"line":111,"column":4},"end":{"line":193,"column":14},"skip":true}]},"9":{"line":91,"type":"binary-expr","locations":[{"start":{"line":91,"column":42},"end":{"line":91,"column":73}},{"start":{"line":91,"column":77},"end":{"line":99,"column":9}}]},"10":{"line":102,"type":"binary-expr","locations":[{"start":{"line":102,"column":18},"end":{"line":102,"column":32}},{"start":{"line":103,"column":12},"end":{"line":103,"column":53}},{"start":{"line":104,"column":12},"end":{"line":104,"column":61}}]},"11":{"line":112,"type":"binary-expr","locations":[{"start":{"line":112,"column":45},"end":{"line":112,"column":79},"skip":true},{"start":{"line":112,"column":83},"end":{"line":121,"column":9},"skip":true}]},"12":{"line":123,"type":"binary-expr","locations":[{"start":{"line":123,"column":42},"end":{"line":123,"column":73},"skip":true},{"start":{"line":123,"column":77},"end":{"line":136,"column":9},"skip":true}]},"13":{"line":138,"type":"binary-expr","locations":[{"start":{"line":138,"column":48},"end":{"line":138,"column":85},"skip":true},{"start":{"line":139,"column":12},"end":{"line":145,"column":13},"skip":true}]},"14":{"line":147,"type":"binary-expr","locations":[{"start":{"line":147,"column":42},"end":{"line":147,"column":73},"skip":true},{"start":{"line":147,"column":77},"end":{"line":156,"column":9},"skip":true}]},"15":{"line":158,"type":"binary-expr","locations":[{"start":{"line":158,"column":45},"end":{"line":158,"column":79},"skip":true},{"start":{"line":158,"column":83},"end":{"line":167,"column":9},"skip":true}]},"16":{"line":169,"type":"binary-expr","locations":[{"start":{"line":169,"column":43},"end":{"line":169,"column":75},"skip":true},{"start":{"line":169,"column":79},"end":{"line":178,"column":9},"skip":true}]},"17":{"line":180,"type":"binary-expr","locations":[{"start":{"line":180,"column":41},"end":{"line":180,"column":71},"skip":true},{"start":{"line":180,"column":75},"end":{"line":189,"column":9},"skip":true}]}},"code":["/* istanbul instrument in package npmtest_crypto */","/*jslint","    bitwise: true,","    browser: true,","    maxerr: 8,","    maxlen: 96,","    node: true,","    nomen: true,","    regexp: true,","    stupid: true","*/","(function () {","    'use strict';","    var local;","","","","    // run shared js-env code - pre-init","    (function () {","        // init local","        local = {};","        // init modeJs","        local.modeJs = (function () {","            try {","                return typeof navigator.userAgent === 'string' &&","                    typeof document.querySelector('body') === 'object' &&","                    typeof XMLHttpRequest.prototype.open === 'function' &&","                    'browser';","            } catch (errorCaughtBrowser) {","                return module.exports &&","                    typeof process.versions.node === 'string' &&","                    typeof require('http').createServer === 'function' &&","                    'node';","            }","        }());","        // init global","        local.global = local.modeJs === 'browser'","            ? window","            : global;","        switch (local.modeJs) {","        // re-init local from window.local","        case 'browser':","            local = local.global.utility2.objectSetDefault(","                local.global.utility2_rollup || local.global.local,","                local.global.utility2","            );","            break;","        // re-init local from example.js","        case 'node':","            local = (local.global.utility2_rollup || require('utility2'))","                .requireReadme();","            break;","        }","        // export local","        local.global.local = local;","    }());","","","","    // run shared js-env code - function","    (function () {","        return;","    }());","    switch (local.modeJs) {","","","","    // run browser js-env code - function","    case 'browser':","        break;","","","","    // run node js-env code - function","    case 'node':","        break;","    }","","","","    // run shared js-env code - post-init","    (function () {","        return;","    }());","    switch (local.modeJs) {","","","","    // run browser js-env code - post-init","    case 'browser':","        local.testCase_browser_nullCase = local.testCase_browser_nullCase || function (","            options,","            onError","        ) {","        /*","         * this function will test browsers's null-case handling-behavior-behavior","         */","            onError(null, options);","        };","","        // run tests","        local.nop(local.modeTest &&","            document.querySelector('#testRunButton1') &&","            document.querySelector('#testRunButton1').click());","        break;","","","","    // run node js-env code - post-init","    /* istanbul ignore next */","    case 'node':","        local.testCase_buildApidoc_default = local.testCase_buildApidoc_default || function (","            options,","            onError","        ) {","        /*","         * this function will test buildApidoc's default handling-behavior-behavior","         */","            options = { modulePathList: module.paths };","            local.buildApidoc(options, onError);","        };","","        local.testCase_buildApp_default = local.testCase_buildApp_default || function (","            options,","            onError","        ) {","        /*","         * this function will test buildApp's default handling-behavior-behavior","         */","            local.testCase_buildReadme_default(options, local.onErrorThrow);","            local.testCase_buildLib_default(options, local.onErrorThrow);","            local.testCase_buildTest_default(options, local.onErrorThrow);","            local.testCase_buildCustomOrg_default(options, local.onErrorThrow);","            options = [];","            local.buildApp(options, onError);","        };","","        local.testCase_buildCustomOrg_default = local.testCase_buildCustomOrg_default ||","            function (options, onError) {","            /*","             * this function will test buildCustomOrg's default handling-behavior","             */","                options = {};","                local.buildCustomOrg(options, onError);","            };","","        local.testCase_buildLib_default = local.testCase_buildLib_default || function (","            options,","            onError","        ) {","        /*","         * this function will test buildLib's default handling-behavior","         */","            options = {};","            local.buildLib(options, onError);","        };","","        local.testCase_buildReadme_default = local.testCase_buildReadme_default || function (","            options,","            onError","        ) {","        /*","         * this function will test buildReadme's default handling-behavior-behavior","         */","            options = {};","            local.buildReadme(options, onError);","        };","","        local.testCase_buildTest_default = local.testCase_buildTest_default || function (","            options,","            onError","        ) {","        /*","         * this function will test buildTest's default handling-behavior","         */","            options = {};","            local.buildTest(options, onError);","        };","","        local.testCase_webpage_default = local.testCase_webpage_default || function (","            options,","            onError","        ) {","        /*","         * this function will test webpage's default handling-behavior","         */","            options = { modeCoverageMerge: true, url: local.serverLocalHost + '?modeTest=1' };","            local.browserTest(options, onError);","        };","","        // run test-server","        local.testRunServer(local);","        break;","    }","}());",""],"l":{"12":2,"14":2,"19":2,"21":2,"23":2,"24":2,"25":2,"30":1,"37":2,"40":2,"43":1,"47":1,"50":1,"52":1,"55":2,"61":2,"62":2,"64":2,"70":1,"76":1,"82":2,"83":2,"85":2,"91":1,"98":1,"102":1,"105":1,"112":1,"119":1,"120":1,"123":1,"130":1,"131":1,"132":1,"133":1,"134":1,"135":1,"138":1,"143":2,"144":2,"147":1,"154":2,"155":2,"158":1,"165":2,"166":2,"169":1,"176":2,"177":2,"180":1,"187":1,"188":1,"192":1,"193":1}},"/home/travis/build/npmtest/node-npmtest-crypto/lib.npmtest_crypto.js":{"path":"/home/travis/build/npmtest/node-npmtest-crypto/lib.npmtest_crypto.js","s":{"1":2,"2":2,"3":2,"4":2,"5":2,"6":2,"7":2,"8":1,"9":2,"10":2,"11":2,"12":2,"13":1,"14":1,"15":1,"16":1},"b":{"1":[2,1,1,1],"2":[1,1,1,1],"3":[1,1],"4":[2,2],"5":[1,1]},"f":{"1":2,"2":2,"3":2},"fnMap":{"1":{"name":"(anonymous_1)","line":12,"loc":{"start":{"line":12,"column":1},"end":{"line":12,"column":13}}},"2":{"name":"(anonymous_2)","line":19,"loc":{"start":{"line":19,"column":5},"end":{"line":19,"column":17}}},"3":{"name":"(anonymous_3)","line":23,"loc":{"start":{"line":23,"column":24},"end":{"line":23,"column":36}}}},"statementMap":{"1":{"start":{"line":12,"column":0},"end":{"line":53,"column":5}},"2":{"start":{"line":14,"column":4},"end":{"line":14,"column":14}},"3":{"start":{"line":19,"column":4},"end":{"line":52,"column":9}},"4":{"start":{"line":21,"column":8},"end":{"line":21,"column":19}},"5":{"start":{"line":23,"column":8},"end":{"line":35,"column":13}},"6":{"start":{"line":24,"column":12},"end":{"line":34,"column":13}},"7":{"start":{"line":25,"column":16},"end":{"line":28,"column":30}},"8":{"start":{"line":30,"column":16},"end":{"line":33,"column":27}},"9":{"start":{"line":37,"column":8},"end":{"line":39,"column":21}},"10":{"start":{"line":41,"column":8},"end":{"line":41,"column":54}},"11":{"start":{"line":43,"column":8},"end":{"line":43,"column":51}},"12":{"start":{"line":45,"column":8},"end":{"line":51,"column":9}},"13":{"start":{"line":46,"column":12},"end":{"line":46,"column":57}},"14":{"start":{"line":48,"column":12},"end":{"line":48,"column":35}},"15":{"start":{"line":49,"column":12},"end":{"line":49,"column":49}},"16":{"start":{"line":50,"column":12},"end":{"line":50,"column":43}}},"branchMap":{"1":{"line":25,"type":"binary-expr","locations":[{"start":{"line":25,"column":23},"end":{"line":25,"column":62}},{"start":{"line":26,"column":20},"end":{"line":26,"column":70}},{"start":{"line":27,"column":20},"end":{"line":27,"column":71}},{"start":{"line":28,"column":20},"end":{"line":28,"column":29}}]},"2":{"line":30,"type":"binary-expr","locations":[{"start":{"line":30,"column":23},"end":{"line":30,"column":37}},{"start":{"line":31,"column":20},"end":{"line":31,"column":61}},{"start":{"line":32,"column":20},"end":{"line":32,"column":70}},{"start":{"line":33,"column":20},"end":{"line":33,"column":26}}]},"3":{"line":37,"type":"cond-expr","locations":[{"start":{"line":38,"column":14},"end":{"line":38,"column":20}},{"start":{"line":39,"column":14},"end":{"line":39,"column":20}}]},"4":{"line":41,"type":"binary-expr","locations":[{"start":{"line":41,"column":16},"end":{"line":41,"column":44}},{"start":{"line":41,"column":48},"end":{"line":41,"column":53}}]},"5":{"line":45,"type":"if","locations":[{"start":{"line":45,"column":8},"end":{"line":45,"column":8}},{"start":{"line":45,"column":8},"end":{"line":45,"column":8}}]}},"code":["/* istanbul instrument in package npmtest_crypto */","/*jslint","    bitwise: true,","    browser: true,","    maxerr: 8,","    maxlen: 96,","    node: true,","    nomen: true,","    regexp: true,","    stupid: true","*/","(function () {","    'use strict';","    var local;","","","","    // run shared js-env code - pre-init","    (function () {","        // init local","        local = {};","        // init modeJs","        local.modeJs = (function () {","            try {","                return typeof navigator.userAgent === 'string' &&","                    typeof document.querySelector('body') === 'object' &&","                    typeof XMLHttpRequest.prototype.open === 'function' &&","                    'browser';","            } catch (errorCaughtBrowser) {","                return module.exports &&","                    typeof process.versions.node === 'string' &&","                    typeof require('http').createServer === 'function' &&","                    'node';","            }","        }());","        // init global","        local.global = local.modeJs === 'browser'","            ? window","            : global;","        // init utility2_rollup","        local = local.global.utility2_rollup || local;","        // init lib","        local.local = local.npmtest_crypto = local;","        // init exports","        if (local.modeJs === 'browser') {","            local.global.utility2_npmtest_crypto = local;","        } else {","            module.exports = local;","            module.exports.__dirname = __dirname;","            module.exports.module = module;","        }","    }());","}());",""],"l":{"12":2,"14":2,"19":2,"21":2,"23":2,"24":2,"25":2,"30":1,"37":2,"41":2,"43":2,"45":2,"46":1,"48":1,"49":1,"50":1}},"/home/travis/build/npmtest/node-npmtest-crypto/example.js":{"path":"/home/travis/build/npmtest/node-npmtest-crypto/example.js","s":{"1":2,"2":2,"3":2,"4":2,"5":2,"6":2,"7":2,"8":1,"9":2,"10":2,"11":2,"12":2,"13":1,"14":2,"15":2,"16":2,"17":2,"18":2,"19":0,"20":2,"21":1,"22":1,"23":1,"24":1,"25":1,"26":0,"27":0,"28":1,"29":1,"30":2,"31":0,"32":0,"33":0,"34":1,"35":2,"36":2,"37":3,"38":3,"39":3,"40":3,"41":0,"42":3,"43":3,"44":3,"45":1,"46":3,"47":1,"48":1,"49":1,"50":1,"51":1,"52":1,"53":1,"54":1,"55":1,"56":1,"57":0,"58":1,"59":6,"60":6,"61":1,"62":2,"63":0,"64":2,"65":1,"66":1,"67":0,"68":0,"69":0,"70":0,"71":0,"72":0,"73":0,"74":0,"75":0,"76":0,"77":0,"78":0,"79":0,"80":0,"81":0,"82":0,"83":0},"b":{"1":[2,1,1,1],"2":[1,1,1,1],"3":[1,1],"4":[2,2],"5":[1,1],"6":[1,1],"7":[2,0],"8":[2,1,1,1,1,1],"9":[0,2,0],"10":[1,1],"11":[2,1,1],"12":[1,0],"13":[0,2],"14":[2,0,0,0,0,0,0],"15":[0,3],"16":[3,0],"17":[1,1],"18":[0,1],"19":[1,2,0,2],"20":[1,0],"21":[1,1],"22":[0,0],"23":[0,0],"24":[0,0],"25":[0,0],"26":[0,0],"27":[0,0],"28":[0,0]},"f":{"1":2,"2":2,"3":2,"4":2,"5":2,"6":2,"7":3,"8":3,"9":3,"10":1,"11":6,"12":0},"fnMap":{"1":{"name":"(anonymous_1)","line":26,"loc":{"start":{"line":26,"column":1},"end":{"line":26,"column":13}}},"2":{"name":"(anonymous_2)","line":33,"loc":{"start":{"line":33,"column":5},"end":{"line":33,"column":17}}},"3":{"name":"(anonymous_3)","line":37,"loc":{"start":{"line":37,"column":24},"end":{"line":37,"column":36}}},"4":{"name":"(anonymous_4)","line":69,"loc":{"start":{"line":69,"column":31},"end":{"line":69,"column":48}},"skip":true},"5":{"name":"(anonymous_5)","line":78,"loc":{"start":{"line":78,"column":26},"end":{"line":78,"column":45}},"skip":true},"6":{"name":"(anonymous_6)","line":123,"loc":{"start":{"line":123,"column":33},"end":{"line":123,"column":48}},"skip":true},"7":{"name":"(anonymous_7)","line":125,"loc":{"start":{"line":125,"column":27},"end":{"line":125,"column":39}},"skip":true},"8":{"name":"(anonymous_8)","line":133,"loc":{"start":{"line":133,"column":59},"end":{"line":133,"column":74}},"skip":true},"9":{"name":"(anonymous_9)","line":143,"loc":{"start":{"line":143,"column":45},"end":{"line":143,"column":62}},"skip":true},"10":{"name":"(anonymous_10)","line":144,"loc":{"start":{"line":144,"column":73},"end":{"line":144,"column":92}},"skip":true},"11":{"name":"(anonymous_11)","line":272,"loc":{"start":{"line":272,"column":51},"end":{"line":272,"column":77}},"skip":true},"12":{"name":"(anonymous_12)","line":315,"loc":{"start":{"line":315,"column":32},"end":{"line":315,"column":61}},"skip":true}},"statementMap":{"1":{"start":{"line":26,"column":0},"end":{"line":326,"column":5}},"2":{"start":{"line":28,"column":4},"end":{"line":28,"column":14}},"3":{"start":{"line":33,"column":4},"end":{"line":60,"column":9}},"4":{"start":{"line":35,"column":8},"end":{"line":35,"column":19}},"5":{"start":{"line":37,"column":8},"end":{"line":49,"column":13}},"6":{"start":{"line":38,"column":12},"end":{"line":48,"column":13}},"7":{"start":{"line":39,"column":16},"end":{"line":42,"column":30}},"8":{"start":{"line":44,"column":16},"end":{"line":47,"column":27}},"9":{"start":{"line":51,"column":8},"end":{"line":53,"column":21}},"10":{"start":{"line":55,"column":8},"end":{"line":57,"column":45}},"11":{"start":{"line":59,"column":8},"end":{"line":59,"column":35}},"12":{"start":{"line":61,"column":4},"end":{"line":325,"column":5}},"13":{"start":{"line":69,"column":8},"end":{"line":121,"column":10},"skip":true},"14":{"start":{"line":70,"column":12},"end":{"line":88,"column":13},"skip":true},"15":{"start":{"line":76,"column":16},"end":{"line":87,"column":19},"skip":true},"16":{"start":{"line":79,"column":20},"end":{"line":86,"column":21},"skip":true},"17":{"start":{"line":82,"column":24},"end":{"line":82,"column":43},"skip":true},"18":{"start":{"line":83,"column":24},"end":{"line":83,"column":30},"skip":true},"19":{"start":{"line":85,"column":24},"end":{"line":85,"column":49},"skip":true},"20":{"start":{"line":89,"column":12},"end":{"line":107,"column":13},"skip":true},"21":{"start":{"line":92,"column":16},"end":{"line":102,"column":17},"skip":true},"22":{"start":{"line":93,"column":20},"end":{"line":93,"column":86},"skip":true},"23":{"start":{"line":94,"column":20},"end":{"line":95,"column":45},"skip":true},"24":{"start":{"line":96,"column":20},"end":{"line":96,"column":42},"skip":true},"25":{"start":{"line":97,"column":20},"end":{"line":97,"column":48},"skip":true},"26":{"start":{"line":100,"column":20},"end":{"line":100,"column":85},"skip":true},"27":{"start":{"line":101,"column":20},"end":{"line":101,"column":96},"skip":true},"28":{"start":{"line":103,"column":16},"end":{"line":103,"column":22},"skip":true},"29":{"start":{"line":106,"column":16},"end":{"line":106,"column":22},"skip":true},"30":{"start":{"line":108,"column":12},"end":{"line":120,"column":13},"skip":true},"31":{"start":{"line":114,"column":16},"end":{"line":119,"column":17},"skip":true},"32":{"start":{"line":116,"column":20},"end":{"line":116,"column":78},"skip":true},"33":{"start":{"line":118,"column":20},"end":{"line":118,"column":47},"skip":true},"34":{"start":{"line":123,"column":8},"end":{"line":141,"column":11},"skip":true},"35":{"start":{"line":124,"column":12},"end":{"line":124,"column":54},"skip":true},"36":{"start":{"line":125,"column":12},"end":{"line":140,"column":14},"skip":true},"37":{"start":{"line":126,"column":16},"end":{"line":126,"column":28},"skip":true},"38":{"start":{"line":127,"column":16},"end":{"line":127,"column":69},"skip":true},"39":{"start":{"line":128,"column":16},"end":{"line":128,"column":75},"skip":true},"40":{"start":{"line":129,"column":16},"end":{"line":131,"column":17},"skip":true},"41":{"start":{"line":130,"column":20},"end":{"line":130,"column":27},"skip":true},"42":{"start":{"line":133,"column":16},"end":{"line":137,"column":36},"skip":true},"43":{"start":{"line":134,"column":20},"end":{"line":136,"column":55},"skip":true},"44":{"start":{"line":139,"column":16},"end":{"line":139,"column":57},"skip":true},"45":{"start":{"line":143,"column":8},"end":{"line":147,"column":11},"skip":true},"46":{"start":{"line":144,"column":12},"end":{"line":146,"column":15},"skip":true},"47":{"start":{"line":145,"column":16},"end":{"line":145,"column":70},"skip":true},"48":{"start":{"line":149,"column":8},"end":{"line":149,"column":31},"skip":true},"49":{"start":{"line":150,"column":8},"end":{"line":150,"column":14},"skip":true},"50":{"start":{"line":158,"column":8},"end":{"line":158,"column":31},"skip":true},"51":{"start":{"line":160,"column":8},"end":{"line":160,"column":33},"skip":true},"52":{"start":{"line":161,"column":8},"end":{"line":161,"column":37},"skip":true},"53":{"start":{"line":162,"column":8},"end":{"line":162,"column":35},"skip":true},"54":{"start":{"line":164,"column":8},"end":{"line":164,"column":50},"skip":true},"55":{"start":{"line":166,"column":8},"end":{"line":256,"column":2},"skip":true},"56":{"start":{"line":258,"column":8},"end":{"line":286,"column":9},"skip":true},"57":{"start":{"line":259,"column":12},"end":{"line":269,"column":14},"skip":true},"58":{"start":{"line":271,"column":12},"end":{"line":285,"column":19},"skip":true},"59":{"start":{"line":274,"column":20},"end":{"line":274,"column":35},"skip":true},"60":{"start":{"line":275,"column":20},"end":{"line":284,"column":21},"skip":true},"61":{"start":{"line":277,"column":24},"end":{"line":277,"column":64},"skip":true},"62":{"start":{"line":279,"column":24},"end":{"line":279,"column":40},"skip":true},"63":{"start":{"line":281,"column":24},"end":{"line":281,"column":40},"skip":true},"64":{"start":{"line":283,"column":24},"end":{"line":283,"column":39},"skip":true},"65":{"start":{"line":288,"column":8},"end":{"line":290,"column":9},"skip":true},"66":{"start":{"line":289,"column":12},"end":{"line":289,"column":18},"skip":true},"67":{"start":{"line":291,"column":8},"end":{"line":293,"column":54},"skip":true},"68":{"start":{"line":296,"column":8},"end":{"line":301,"column":37},"skip":true},"69":{"start":{"line":303,"column":8},"end":{"line":303,"column":82},"skip":true},"70":{"start":{"line":306,"column":8},"end":{"line":308,"column":9},"skip":true},"71":{"start":{"line":307,"column":12},"end":{"line":307,"column":82},"skip":true},"72":{"start":{"line":310,"column":8},"end":{"line":312,"column":9},"skip":true},"73":{"start":{"line":311,"column":12},"end":{"line":311,"column":18},"skip":true},"74":{"start":{"line":313,"column":8},"end":{"line":313,"column":54},"skip":true},"75":{"start":{"line":314,"column":8},"end":{"line":314,"column":69},"skip":true},"76":{"start":{"line":315,"column":8},"end":{"line":323,"column":36},"skip":true},"77":{"start":{"line":316,"column":12},"end":{"line":316,"column":61},"skip":true},"78":{"start":{"line":317,"column":12},"end":{"line":320,"column":13},"skip":true},"79":{"start":{"line":318,"column":16},"end":{"line":318,"column":75},"skip":true},"80":{"start":{"line":319,"column":16},"end":{"line":319,"column":23},"skip":true},"81":{"start":{"line":321,"column":12},"end":{"line":321,"column":38},"skip":true},"82":{"start":{"line":322,"column":12},"end":{"line":322,"column":27},"skip":true},"83":{"start":{"line":324,"column":8},"end":{"line":324,"column":14},"skip":true}},"branchMap":{"1":{"line":39,"type":"binary-expr","locations":[{"start":{"line":39,"column":23},"end":{"line":39,"column":62}},{"start":{"line":40,"column":20},"end":{"line":40,"column":70}},{"start":{"line":41,"column":20},"end":{"line":41,"column":71}},{"start":{"line":42,"column":20},"end":{"line":42,"column":29}}]},"2":{"line":44,"type":"binary-expr","locations":[{"start":{"line":44,"column":23},"end":{"line":44,"column":37}},{"start":{"line":45,"column":20},"end":{"line":45,"column":61}},{"start":{"line":46,"column":20},"end":{"line":46,"column":70}},{"start":{"line":47,"column":20},"end":{"line":47,"column":26}}]},"3":{"line":51,"type":"cond-expr","locations":[{"start":{"line":52,"column":14},"end":{"line":52,"column":20}},{"start":{"line":53,"column":14},"end":{"line":53,"column":20}}]},"4":{"line":55,"type":"binary-expr","locations":[{"start":{"line":55,"column":16},"end":{"line":55,"column":44}},{"start":{"line":55,"column":49},"end":{"line":57,"column":43}}]},"5":{"line":55,"type":"cond-expr","locations":[{"start":{"line":56,"column":14},"end":{"line":56,"column":50}},{"start":{"line":57,"column":14},"end":{"line":57,"column":43}}]},"6":{"line":61,"type":"switch","locations":[{"start":{"line":68,"column":4},"end":{"line":150,"column":14},"skip":true},{"start":{"line":156,"column":4},"end":{"line":324,"column":14},"skip":true}]},"7":{"line":70,"type":"if","locations":[{"start":{"line":70,"column":12},"end":{"line":70,"column":12},"skip":true},{"start":{"line":70,"column":12},"end":{"line":70,"column":12},"skip":true}]},"8":{"line":70,"type":"binary-expr","locations":[{"start":{"line":70,"column":16},"end":{"line":70,"column":22},"skip":true},{"start":{"line":70,"column":27},"end":{"line":70,"column":32},"skip":true},{"start":{"line":71,"column":20},"end":{"line":71,"column":39},"skip":true},{"start":{"line":72,"column":20},"end":{"line":72,"column":49},"skip":true},{"start":{"line":73,"column":20},"end":{"line":73,"column":58},"skip":true},{"start":{"line":74,"column":20},"end":{"line":74,"column":69},"skip":true}]},"9":{"line":79,"type":"switch","locations":[{"start":{"line":80,"column":20},"end":{"line":80,"column":33},"skip":true},{"start":{"line":81,"column":20},"end":{"line":83,"column":30},"skip":true},{"start":{"line":84,"column":20},"end":{"line":85,"column":49},"skip":true}]},"10":{"line":89,"type":"switch","locations":[{"start":{"line":90,"column":12},"end":{"line":103,"column":22},"skip":true},{"start":{"line":105,"column":12},"end":{"line":106,"column":22},"skip":true}]},"11":{"line":89,"type":"binary-expr","locations":[{"start":{"line":89,"column":20},"end":{"line":89,"column":25},"skip":true},{"start":{"line":89,"column":29},"end":{"line":89,"column":48},"skip":true},{"start":{"line":89,"column":52},"end":{"line":89,"column":74},"skip":true}]},"12":{"line":92,"type":"if","locations":[{"start":{"line":92,"column":16},"end":{"line":92,"column":16},"skip":true},{"start":{"line":92,"column":16},"end":{"line":92,"column":16},"skip":true}]},"13":{"line":108,"type":"if","locations":[{"start":{"line":108,"column":12},"end":{"line":108,"column":12},"skip":true},{"start":{"line":108,"column":12},"end":{"line":108,"column":12},"skip":true}]},"14":{"line":108,"type":"binary-expr","locations":[{"start":{"line":108,"column":16},"end":{"line":108,"column":61},"skip":true},{"start":{"line":108,"column":66},"end":{"line":108,"column":72},"skip":true},{"start":{"line":108,"column":77},"end":{"line":108,"column":82},"skip":true},{"start":{"line":109,"column":20},"end":{"line":109,"column":39},"skip":true},{"start":{"line":110,"column":20},"end":{"line":110,"column":49},"skip":true},{"start":{"line":111,"column":20},"end":{"line":111,"column":58},"skip":true},{"start":{"line":112,"column":20},"end":{"line":112,"column":68},"skip":true}]},"15":{"line":129,"type":"if","locations":[{"start":{"line":129,"column":16},"end":{"line":129,"column":16},"skip":true},{"start":{"line":129,"column":16},"end":{"line":129,"column":16},"skip":true}]},"16":{"line":134,"type":"cond-expr","locations":[{"start":{"line":135,"column":26},"end":{"line":135,"column":29},"skip":true},{"start":{"line":136,"column":26},"end":{"line":136,"column":54},"skip":true}]},"17":{"line":164,"type":"binary-expr","locations":[{"start":{"line":164,"column":27},"end":{"line":164,"column":43},"skip":true},{"start":{"line":164,"column":47},"end":{"line":164,"column":49},"skip":true}]},"18":{"line":258,"type":"if","locations":[{"start":{"line":258,"column":8},"end":{"line":258,"column":8},"skip":true},{"start":{"line":258,"column":8},"end":{"line":258,"column":8},"skip":true}]},"19":{"line":275,"type":"switch","locations":[{"start":{"line":276,"column":20},"end":{"line":277,"column":64},"skip":true},{"start":{"line":278,"column":20},"end":{"line":279,"column":40},"skip":true},{"start":{"line":280,"column":20},"end":{"line":281,"column":40},"skip":true},{"start":{"line":282,"column":20},"end":{"line":283,"column":39},"skip":true}]},"20":{"line":288,"type":"if","locations":[{"start":{"line":288,"column":8},"end":{"line":288,"column":8},"skip":true},{"start":{"line":288,"column":8},"end":{"line":288,"column":8},"skip":true}]},"21":{"line":288,"type":"binary-expr","locations":[{"start":{"line":288,"column":12},"end":{"line":288,"column":40},"skip":true},{"start":{"line":288,"column":44},"end":{"line":288,"column":67},"skip":true}]},"22":{"line":292,"type":"binary-expr","locations":[{"start":{"line":292,"column":12},"end":{"line":292,"column":50},"skip":true},{"start":{"line":293,"column":12},"end":{"line":293,"column":53},"skip":true}]},"23":{"line":297,"type":"binary-expr","locations":[{"start":{"line":297,"column":12},"end":{"line":297,"column":64},"skip":true},{"start":{"line":298,"column":12},"end":{"line":301,"column":36},"skip":true}]},"24":{"line":303,"type":"binary-expr","locations":[{"start":{"line":303,"column":43},"end":{"line":303,"column":75},"skip":true},{"start":{"line":303,"column":79},"end":{"line":303,"column":81},"skip":true}]},"25":{"line":306,"type":"if","locations":[{"start":{"line":306,"column":8},"end":{"line":306,"column":8},"skip":true},{"start":{"line":306,"column":8},"end":{"line":306,"column":8},"skip":true}]},"26":{"line":310,"type":"if","locations":[{"start":{"line":310,"column":8},"end":{"line":310,"column":8},"skip":true},{"start":{"line":310,"column":8},"end":{"line":310,"column":8},"skip":true}]},"27":{"line":313,"type":"binary-expr","locations":[{"start":{"line":313,"column":27},"end":{"line":313,"column":43},"skip":true},{"start":{"line":313,"column":47},"end":{"line":313,"column":53},"skip":true}]},"28":{"line":317,"type":"if","locations":[{"start":{"line":317,"column":12},"end":{"line":317,"column":12},"skip":true},{"start":{"line":317,"column":12},"end":{"line":317,"column":12},"skip":true}]}},"code":["/*","example.js","","quickstart example","","instruction","    1. save this script as example.js","    2. run the shell command:","        $ npm install npmtest-crypto && PORT=8081 node example.js","    3. play with the browser-demo on http://127.0.0.1:8081","*/","","","","/* istanbul instrument in package npmtest_crypto */","/*jslint","    bitwise: true,","    browser: true,","    maxerr: 8,","    maxlen: 96,","    node: true,","    nomen: true,","    regexp: true,","    stupid: true","*/","(function () {","    'use strict';","    var local;","","","","    // run shared js-env code - pre-init","    (function () {","        // init local","        local = {};","        // init modeJs","        local.modeJs = (function () {","            try {","                return typeof navigator.userAgent === 'string' &&","                    typeof document.querySelector('body') === 'object' &&","                    typeof XMLHttpRequest.prototype.open === 'function' &&","                    'browser';","            } catch (errorCaughtBrowser) {","                return module.exports &&","                    typeof process.versions.node === 'string' &&","                    typeof require('http').createServer === 'function' &&","                    'node';","            }","        }());","        // init global","        local.global = local.modeJs === 'browser'","            ? window","            : global;","        // init utility2_rollup","        local = local.global.utility2_rollup || (local.modeJs === 'browser'","            ? local.global.utility2_npmtest_crypto","            : global.utility2_moduleExports);","        // export local","        local.global.local = local;","    }());","    switch (local.modeJs) {","","","","    // post-init","    // run browser js-env code - post-init","    /* istanbul ignore next */","    case 'browser':","        local.testRunBrowser = function (event) {","            if (!event || (event &&","                    event.currentTarget &&","                    event.currentTarget.className &&","                    event.currentTarget.className.includes &&","                    event.currentTarget.className.includes('onreset'))) {","                // reset output","                Array.from(","                    document.querySelectorAll('body > .resettable')","                ).forEach(function (element) {","                    switch (element.tagName) {","                    case 'INPUT':","                    case 'TEXTAREA':","                        element.value = '';","                        break;","                    default:","                        element.textContent = '';","                    }","                });","            }","            switch (event && event.currentTarget && event.currentTarget.id) {","            case 'testRunButton1':","                // show tests","                if (document.querySelector('#testReportDiv1').style.display === 'none') {","                    document.querySelector('#testReportDiv1').style.display = 'block';","                    document.querySelector('#testRunButton1').textContent =","                        'hide internal test';","                    local.modeTest = true;","                    local.testRunDefault(local);","                // hide tests","                } else {","                    document.querySelector('#testReportDiv1').style.display = 'none';","                    document.querySelector('#testRunButton1').textContent = 'run internal test';","                }","                break;","            // custom-case","            default:","                break;","            }","            if (document.querySelector('#inputTextareaEval1') && (!event || (event &&","                    event.currentTarget &&","                    event.currentTarget.className &&","                    event.currentTarget.className.includes &&","                    event.currentTarget.className.includes('oneval')))) {","                // try to eval input-code","                try {","                    /*jslint evil: true*/","                    eval(document.querySelector('#inputTextareaEval1').value);","                } catch (errorCaught) {","                    console.error(errorCaught);","                }","            }","        };","        // log stderr and stdout to #outputTextareaStdout1","        ['error', 'log'].forEach(function (key) {","            console[key + '_original'] = console[key];","            console[key] = function () {","                var element;","                console[key + '_original'].apply(console, arguments);","                element = document.querySelector('#outputTextareaStdout1');","                if (!element) {","                    return;","                }","                // append text to #outputTextareaStdout1","                element.value += Array.from(arguments).map(function (arg) {","                    return typeof arg === 'string'","                        ? arg","                        : JSON.stringify(arg, null, 4);","                }).join(' ') + '\\n';","                // scroll textarea to bottom","                element.scrollTop = element.scrollHeight;","            };","        });","        // init event-handling","        ['change', 'click', 'keyup'].forEach(function (event) {","            Array.from(document.querySelectorAll('.on' + event)).forEach(function (element) {","                element.addEventListener(event, local.testRunBrowser);","            });","        });","        // run tests","        local.testRunBrowser();","        break;","","","","    // run node js-env code - post-init","    /* istanbul ignore next */","    case 'node':","        // export local","        module.exports = local;","        // require modules","        local.fs = require('fs');","        local.http = require('http');","        local.url = require('url');","        // init assets","        local.assetsDict = local.assetsDict || {};","        /* jslint-ignore-begin */","        local.assetsDict['/assets.index.template.html'] = '\\","<!doctype html>\\n\\","<html lang=\"en\">\\n\\","<head>\\n\\","<meta charset=\"UTF-8\">\\n\\","<meta name=\"viewport\" content=\"width=device-width, initial-scale=1\">\\n\\","<title>{{env.npm_package_name}} (v{{env.npm_package_version}})</title>\\n\\","<style>\\n\\","/*csslint\\n\\","    box-sizing: false,\\n\\","    universal-selector: false\\n\\","*/\\n\\","* {\\n\\","    box-sizing: border-box;\\n\\","}\\n\\","body {\\n\\","    background: #dde;\\n\\","    font-family: Arial, Helvetica, sans-serif;\\n\\","    margin: 2rem;\\n\\","}\\n\\","body > * {\\n\\","    margin-bottom: 1rem;\\n\\","}\\n\\",".utility2FooterDiv {\\n\\","    margin-top: 20px;\\n\\","    text-align: center;\\n\\","}\\n\\","</style>\\n\\","<style>\\n\\","/*csslint\\n\\","*/\\n\\","textarea {\\n\\","    font-family: monospace;\\n\\","    height: 10rem;\\n\\","    width: 100%;\\n\\","}\\n\\","textarea[readonly] {\\n\\","    background: #ddd;\\n\\","}\\n\\","</style>\\n\\","</head>\\n\\","<body>\\n\\","<!-- utility2-comment\\n\\","<div id=\"ajaxProgressDiv1\" style=\"background: #d00; height: 2px; left: 0; margin: 0; padding: 0; position: fixed; top: 0; transition: background 0.5s, width 1.5s; width: 25%;\"></div>\\n\\","utility2-comment -->\\n\\","<h1>\\n\\","<!-- utility2-comment\\n\\","    <a\\n\\","        {{#if env.npm_package_homepage}}\\n\\","        href=\"{{env.npm_package_homepage}}\"\\n\\","        {{/if env.npm_package_homepage}}\\n\\","        target=\"_blank\"\\n\\","    >\\n\\","utility2-comment -->\\n\\","        {{env.npm_package_name}} (v{{env.npm_package_version}})\\n\\","<!-- utility2-comment\\n\\","    </a>\\n\\","utility2-comment -->\\n\\","</h1>\\n\\","<h3>{{env.npm_package_description}}</h3>\\n\\","<!-- utility2-comment\\n\\","<h4><a download href=\"assets.app.js\">download standalone app</a></h4>\\n\\","<button class=\"onclick onreset\" id=\"testRunButton1\">run internal test</button><br>\\n\\","<div id=\"testReportDiv1\" style=\"display: none;\"></div>\\n\\","utility2-comment -->\\n\\","\\n\\","\\n\\","\\n\\","<label>stderr and stdout</label>\\n\\","<textarea class=\"resettable\" id=\"outputTextareaStdout1\" readonly></textarea>\\n\\","<!-- utility2-comment\\n\\","{{#if isRollup}}\\n\\","<script src=\"assets.app.js\"></script>\\n\\","{{#unless isRollup}}\\n\\","utility2-comment -->\\n\\","<script src=\"assets.utility2.rollup.js\"></script>\\n\\","<script src=\"jsonp.utility2._stateInit?callback=window.utility2._stateInit\"></script>\\n\\","<script src=\"assets.npmtest_crypto.rollup.js\"></script>\\n\\","<script src=\"assets.example.js\"></script>\\n\\","<script src=\"assets.test.js\"></script>\\n\\","<!-- utility2-comment\\n\\","{{/if isRollup}}\\n\\","utility2-comment -->\\n\\","<div class=\"utility2FooterDiv\">\\n\\","    [ this app was created with\\n\\","    <a href=\"https://github.com/kaizhu256/node-utility2\" target=\"_blank\">utility2</a>\\n\\","    ]\\n\\","</div>\\n\\","</body>\\n\\","</html>\\n\\","';","        /* jslint-ignore-end */","        if (local.templateRender) {","            local.assetsDict['/'] = local.templateRender(","                local.assetsDict['/assets.index.template.html'],","                {","                    env: local.objectSetDefault(local.env, {","                        npm_package_description: 'the greatest app in the world!',","                        npm_package_name: 'my-app',","                        npm_package_nameAlias: 'my_app',","                        npm_package_version: '0.0.1'","                    })","                }","            );","        } else {","            local.assetsDict['/'] = local.assetsDict['/assets.index.template.html']","                .replace((/\\{\\{env\\.(\\w+?)\\}\\}/g), function (match0, match1) {","                    // jslint-hack","                    String(match0);","                    switch (match1) {","                    case 'npm_package_description':","                        return 'the greatest app in the world!';","                    case 'npm_package_name':","                        return 'my-app';","                    case 'npm_package_nameAlias':","                        return 'my_app';","                    case 'npm_package_version':","                        return '0.0.1';","                    }","                });","        }","        // run the cli","        if (local.global.utility2_rollup || module !== require.main) {","            break;","        }","        local.assetsDict['/assets.example.js'] =","            local.assetsDict['/assets.example.js'] ||","            local.fs.readFileSync(__filename, 'utf8');","        // bug-workaround - long $npm_package_buildCustomOrg","        /* jslint-ignore-begin */","        local.assetsDict['/assets.npmtest_crypto.rollup.js'] =","            local.assetsDict['/assets.npmtest_crypto.rollup.js'] ||","            local.fs.readFileSync(","                local.npmtest_crypto.__dirname + '/lib.npmtest_crypto.js',","                'utf8'","            ).replace((/^#!/), '//');","        /* jslint-ignore-end */","        local.assetsDict['/favicon.ico'] = local.assetsDict['/favicon.ico'] || '';","        // if $npm_config_timeout_exit exists,","        // then exit this process after $npm_config_timeout_exit ms","        if (Number(process.env.npm_config_timeout_exit)) {","            setTimeout(process.exit, Number(process.env.npm_config_timeout_exit));","        }","        // start server","        if (local.global.utility2_serverHttp1) {","            break;","        }","        process.env.PORT = process.env.PORT || '8081';","        console.error('server starting on port ' + process.env.PORT);","        local.http.createServer(function (request, response) {","            request.urlParsed = local.url.parse(request.url);","            if (local.assetsDict[request.urlParsed.pathname] !== undefined) {","                response.end(local.assetsDict[request.urlParsed.pathname]);","                return;","            }","            response.statusCode = 404;","            response.end();","        }).listen(process.env.PORT);","        break;","    }","}());",""],"l":{"26":2,"28":2,"33":2,"35":2,"37":2,"38":2,"39":2,"44":1,"51":2,"55":2,"59":2,"61":2,"69":1,"70":2,"76":2,"79":2,"82":2,"83":2,"85":1,"89":2,"92":1,"93":1,"94":1,"96":1,"97":1,"100":1,"101":1,"103":1,"106":1,"108":2,"114":1,"116":1,"118":1,"123":1,"124":2,"125":2,"126":3,"127":3,"128":3,"129":3,"130":1,"133":3,"134":3,"139":3,"143":1,"144":3,"145":1,"149":1,"150":1,"158":1,"160":1,"161":1,"162":1,"164":1,"166":1,"258":1,"259":1,"271":1,"274":6,"275":6,"277":1,"279":2,"281":1,"283":2,"288":1,"289":1,"291":1,"296":1,"303":1,"306":1,"307":1,"310":1,"311":1,"313":1,"314":1,"315":1,"316":1,"317":1,"318":1,"319":1,"321":1,"322":1,"324":1}},"/home/travis/build/npmtest/node-npmtest-crypto/node_modules/crypto/md5.js":{"path":"/home/travis/build/npmtest/node-npmtest-crypto/node_modules/crypto/md5.js","s":{"1":1,"2":1,"3":1,"4":1,"5":1,"6":1,"7":0,"8":1,"9":0,"10":1,"11":0,"12":1,"13":0,"14":1,"15":0,"16":1,"17":0,"18":1,"19":0,"20":1,"21":0,"22":1,"23":0,"24":0,"25":0,"26":0,"27":0,"28":0,"29":0,"30":0,"31":0,"32":1,"33":0,"34":0,"35":0,"36":0,"37":0,"38":0,"39":0,"40":0,"41":0,"42":0,"43":1,"44":0,"45":0,"46":0,"47":0,"48":0,"49":0,"50":0,"51":0,"52":0,"53":0,"54":0,"55":0,"56":0,"57":1,"58":0,"59":0,"60":0,"61":0,"62":0,"63":0,"64":0,"65":0,"66":0,"67":0,"68":0,"69":0,"70":0,"71":0,"72":0,"73":0,"74":0,"75":0,"76":0,"77":0,"78":0,"79":0,"80":1,"81":0,"82":0,"83":0,"84":0,"85":0,"86":0,"87":0,"88":0,"89":0,"90":0,"91":0,"92":0,"93":0,"94":0,"95":0,"96":0,"97":0,"98":0,"99":1,"100":0,"101":0,"102":0,"103":0,"104":1,"105":0,"106":0,"107":0,"108":0,"109":1,"110":0,"111":0,"112":0,"113":0,"114":0,"115":0,"116":1,"117":0,"118":0,"119":0,"120":0,"121":1,"122":0,"123":0,"124":0,"125":0,"126":0,"127":0,"128":0,"129":0,"130":0,"131":0,"132":0,"133":0,"134":0,"135":0,"136":0,"137":0,"138":0,"139":0,"140":0,"141":0,"142":0,"143":0,"144":0,"145":0,"146":0,"147":0,"148":0,"149":0,"150":0,"151":0,"152":0,"153":0,"154":0,"155":0,"156":0,"157":0,"158":0,"159":0,"160":0,"161":0,"162":0,"163":0,"164":0,"165":0,"166":0,"167":0,"168":0,"169":0,"170":0,"171":0,"172":0,"173":0,"174":0,"175":0,"176":0,"177":0,"178":0,"179":0,"180":0,"181":0,"182":0,"183":0,"184":0,"185":0,"186":0,"187":0,"188":0,"189":0,"190":0,"191":0,"192":0,"193":0,"194":0,"195":0,"196":0,"197":0,"198":0,"199":0,"200":0,"201":0,"202":1,"203":0,"204":1,"205":0,"206":1,"207":0,"208":1,"209":0,"210":1,"211":0,"212":1,"213":0,"214":0,"215":0,"216":1,"217":0},"b":{"1":[1,0],"2":[0,0],"3":[0,0],"4":[0,0],"5":[0,0],"6":[0,0],"7":[0,0],"8":[0,0],"9":[0,0],"10":[0,0],"11":[0,0,0,0],"12":[0,0],"13":[0,0],"14":[0,0],"15":[0,0]},"f":{"1":1,"2":1,"3":0,"4":0,"5":0,"6":0,"7":0,"8":0,"9":0,"10":0,"11":0,"12":0,"13":0,"14":0,"15":0,"16":0,"17":0,"18":0,"19":0,"20":0,"21":0,"22":0,"23":0,"24":0,"25":0,"26":0,"27":0},"fnMap":{"1":{"name":"(anonymous_1)","line":9,"loc":{"start":{"line":9,"column":32},"end":{"line":9,"column":43}}},"2":{"name":"(anonymous_2)","line":9,"loc":{"start":{"line":9,"column":86},"end":{"line":9,"column":132}}},"3":{"name":"hex_md5","line":24,"loc":{"start":{"line":24,"column":0},"end":{"line":24,"column":23}}},"4":{"name":"b64_md5","line":25,"loc":{"start":{"line":25,"column":0},"end":{"line":25,"column":23}}},"5":{"name":"any_md5","line":26,"loc":{"start":{"line":26,"column":0},"end":{"line":26,"column":23}}},"6":{"name":"hex_hmac_md5","line":27,"loc":{"start":{"line":27,"column":0},"end":{"line":28,"column":2}}},"7":{"name":"b64_hmac_md5","line":29,"loc":{"start":{"line":29,"column":0},"end":{"line":30,"column":2}}},"8":{"name":"any_hmac_md5","line":31,"loc":{"start":{"line":31,"column":0},"end":{"line":32,"column":2}}},"9":{"name":"md5_vm_test","line":37,"loc":{"start":{"line":37,"column":0},"end":{"line":38,"column":0}}},"10":{"name":"rstr_md5","line":45,"loc":{"start":{"line":45,"column":0},"end":{"line":46,"column":0}}},"11":{"name":"rstr_hmac_md5","line":53,"loc":{"start":{"line":53,"column":0},"end":{"line":54,"column":0}}},"12":{"name":"rstr2hex","line":72,"loc":{"start":{"line":72,"column":0},"end":{"line":73,"column":0}}},"13":{"name":"rstr2b64","line":90,"loc":{"start":{"line":90,"column":0},"end":{"line":91,"column":0}}},"14":{"name":"rstr2any","line":113,"loc":{"start":{"line":113,"column":0},"end":{"line":114,"column":0}}},"15":{"name":"str2rstr_utf8","line":162,"loc":{"start":{"line":162,"column":0},"end":{"line":163,"column":0}}},"16":{"name":"str2rstr_utf16le","line":201,"loc":{"start":{"line":201,"column":0},"end":{"line":202,"column":0}}},"17":{"name":"str2rstr_utf16be","line":210,"loc":{"start":{"line":210,"column":0},"end":{"line":211,"column":0}}},"18":{"name":"rstr2binl","line":223,"loc":{"start":{"line":223,"column":0},"end":{"line":224,"column":0}}},"19":{"name":"binl2rstr","line":236,"loc":{"start":{"line":236,"column":0},"end":{"line":237,"column":0}}},"20":{"name":"binl_md5","line":247,"loc":{"start":{"line":247,"column":0},"end":{"line":248,"column":0}}},"21":{"name":"md5_cmn","line":344,"loc":{"start":{"line":344,"column":0},"end":{"line":345,"column":0}}},"22":{"name":"md5_ff","line":348,"loc":{"start":{"line":348,"column":0},"end":{"line":349,"column":0}}},"23":{"name":"md5_gg","line":352,"loc":{"start":{"line":352,"column":0},"end":{"line":353,"column":0}}},"24":{"name":"md5_hh","line":356,"loc":{"start":{"line":356,"column":0},"end":{"line":357,"column":0}}},"25":{"name":"md5_ii","line":360,"loc":{"start":{"line":360,"column":0},"end":{"line":361,"column":0}}},"26":{"name":"safe_add","line":369,"loc":{"start":{"line":369,"column":0},"end":{"line":370,"column":0}}},"27":{"name":"bit_rol","line":379,"loc":{"start":{"line":379,"column":0},"end":{"line":380,"column":0}}}},"statementMap":{"1":{"start":{"line":9,"column":0},"end":{"line":384,"column":3}},"2":{"start":{"line":9,"column":45},"end":{"line":9,"column":73}},"3":{"start":{"line":11,"column":0},"end":{"line":11,"column":26}},"4":{"start":{"line":17,"column":0},"end":{"line":17,"column":16}},"5":{"start":{"line":18,"column":0},"end":{"line":18,"column":17}},"6":{"start":{"line":24,"column":0},"end":{"line":24,"column":71}},"7":{"start":{"line":24,"column":25},"end":{"line":24,"column":69}},"8":{"start":{"line":25,"column":0},"end":{"line":25,"column":71}},"9":{"start":{"line":25,"column":25},"end":{"line":25,"column":69}},"10":{"start":{"line":26,"column":0},"end":{"line":26,"column":74}},"11":{"start":{"line":26,"column":25},"end":{"line":26,"column":72}},"12":{"start":{"line":27,"column":0},"end":{"line":28,"column":73}},"13":{"start":{"line":28,"column":4},"end":{"line":28,"column":71}},"14":{"start":{"line":29,"column":0},"end":{"line":30,"column":73}},"15":{"start":{"line":30,"column":4},"end":{"line":30,"column":71}},"16":{"start":{"line":31,"column":0},"end":{"line":32,"column":76}},"17":{"start":{"line":32,"column":4},"end":{"line":32,"column":74}},"18":{"start":{"line":37,"column":0},"end":{"line":40,"column":1}},"19":{"start":{"line":39,"column":2},"end":{"line":39,"column":76}},"20":{"start":{"line":45,"column":0},"end":{"line":48,"column":1}},"21":{"start":{"line":47,"column":2},"end":{"line":47,"column":57}},"22":{"start":{"line":53,"column":0},"end":{"line":67,"column":1}},"23":{"start":{"line":55,"column":2},"end":{"line":55,"column":28}},"24":{"start":{"line":56,"column":2},"end":{"line":56,"column":61}},"25":{"start":{"line":56,"column":23},"end":{"line":56,"column":61}},"26":{"start":{"line":58,"column":2},"end":{"line":58,"column":41}},"27":{"start":{"line":59,"column":2},"end":{"line":63,"column":3}},"28":{"start":{"line":61,"column":4},"end":{"line":61,"column":35}},"29":{"start":{"line":62,"column":4},"end":{"line":62,"column":35}},"30":{"start":{"line":65,"column":2},"end":{"line":65,"column":75}},"31":{"start":{"line":66,"column":2},"end":{"line":66,"column":59}},"32":{"start":{"line":72,"column":0},"end":{"line":85,"column":1}},"33":{"start":{"line":74,"column":2},"end":{"line":74,"column":41}},"34":{"start":{"line":74,"column":8},"end":{"line":74,"column":16}},"35":{"start":{"line":74,"column":29},"end":{"line":74,"column":39}},"36":{"start":{"line":75,"column":2},"end":{"line":75,"column":66}},"37":{"start":{"line":76,"column":2},"end":{"line":76,"column":18}},"38":{"start":{"line":77,"column":2},"end":{"line":77,"column":8}},"39":{"start":{"line":78,"column":2},"end":{"line":83,"column":3}},"40":{"start":{"line":80,"column":4},"end":{"line":80,"column":28}},"41":{"start":{"line":81,"column":4},"end":{"line":82,"column":47}},"42":{"start":{"line":84,"column":2},"end":{"line":84,"column":16}},"43":{"start":{"line":90,"column":0},"end":{"line":108,"column":1}},"44":{"start":{"line":92,"column":2},"end":{"line":92,"column":40}},"45":{"start":{"line":92,"column":8},"end":{"line":92,"column":15}},"46":{"start":{"line":92,"column":28},"end":{"line":92,"column":38}},"47":{"start":{"line":93,"column":2},"end":{"line":93,"column":79}},"48":{"start":{"line":94,"column":2},"end":{"line":94,"column":18}},"49":{"start":{"line":95,"column":2},"end":{"line":95,"column":25}},"50":{"start":{"line":96,"column":2},"end":{"line":106,"column":3}},"51":{"start":{"line":98,"column":4},"end":{"line":100,"column":65}},"52":{"start":{"line":101,"column":4},"end":{"line":105,"column":5}},"53":{"start":{"line":103,"column":6},"end":{"line":104,"column":62}},"54":{"start":{"line":103,"column":43},"end":{"line":103,"column":60}},"55":{"start":{"line":104,"column":11},"end":{"line":104,"column":62}},"56":{"start":{"line":107,"column":2},"end":{"line":107,"column":16}},"57":{"start":{"line":113,"column":0},"end":{"line":156,"column":1}},"58":{"start":{"line":115,"column":2},"end":{"line":115,"column":32}},"59":{"start":{"line":116,"column":2},"end":{"line":116,"column":27}},"60":{"start":{"line":119,"column":2},"end":{"line":119,"column":52}},"61":{"start":{"line":120,"column":2},"end":{"line":123,"column":3}},"62":{"start":{"line":122,"column":4},"end":{"line":122,"column":79}},"63":{"start":{"line":131,"column":2},"end":{"line":132,"column":79}},"64":{"start":{"line":133,"column":2},"end":{"line":133,"column":38}},"65":{"start":{"line":134,"column":2},"end":{"line":148,"column":3}},"66":{"start":{"line":136,"column":4},"end":{"line":136,"column":23}},"67":{"start":{"line":137,"column":4},"end":{"line":137,"column":10}},"68":{"start":{"line":138,"column":4},"end":{"line":145,"column":5}},"69":{"start":{"line":140,"column":6},"end":{"line":140,"column":34}},"70":{"start":{"line":141,"column":6},"end":{"line":141,"column":34}},"71":{"start":{"line":142,"column":6},"end":{"line":142,"column":23}},"72":{"start":{"line":143,"column":6},"end":{"line":144,"column":38}},"73":{"start":{"line":144,"column":8},"end":{"line":144,"column":38}},"74":{"start":{"line":146,"column":4},"end":{"line":146,"column":22}},"75":{"start":{"line":147,"column":4},"end":{"line":147,"column":24}},"76":{"start":{"line":151,"column":2},"end":{"line":151,"column":18}},"77":{"start":{"line":152,"column":2},"end":{"line":153,"column":45}},"78":{"start":{"line":153,"column":4},"end":{"line":153,"column":45}},"79":{"start":{"line":155,"column":2},"end":{"line":155,"column":16}},"80":{"start":{"line":162,"column":0},"end":{"line":196,"column":1}},"81":{"start":{"line":164,"column":2},"end":{"line":164,"column":18}},"82":{"start":{"line":165,"column":2},"end":{"line":165,"column":13}},"83":{"start":{"line":166,"column":2},"end":{"line":166,"column":11}},"84":{"start":{"line":168,"column":2},"end":{"line":194,"column":3}},"85":{"start":{"line":171,"column":4},"end":{"line":171,"column":28}},"86":{"start":{"line":172,"column":4},"end":{"line":172,"column":59}},"87":{"start":{"line":173,"column":4},"end":{"line":177,"column":5}},"88":{"start":{"line":175,"column":6},"end":{"line":175,"column":56}},"89":{"start":{"line":176,"column":6},"end":{"line":176,"column":10}},"90":{"start":{"line":180,"column":4},"end":{"line":193,"column":64}},"91":{"start":{"line":181,"column":6},"end":{"line":181,"column":39}},"92":{"start":{"line":182,"column":9},"end":{"line":193,"column":64}},"93":{"start":{"line":183,"column":6},"end":{"line":184,"column":64}},"94":{"start":{"line":185,"column":9},"end":{"line":193,"column":64}},"95":{"start":{"line":186,"column":6},"end":{"line":188,"column":64}},"96":{"start":{"line":189,"column":9},"end":{"line":193,"column":64}},"97":{"start":{"line":190,"column":6},"end":{"line":193,"column":64}},"98":{"start":{"line":195,"column":2},"end":{"line":195,"column":16}},"99":{"start":{"line":201,"column":0},"end":{"line":208,"column":1}},"100":{"start":{"line":203,"column":2},"end":{"line":203,"column":18}},"101":{"start":{"line":204,"column":2},"end":{"line":206,"column":70}},"102":{"start":{"line":205,"column":4},"end":{"line":206,"column":70}},"103":{"start":{"line":207,"column":2},"end":{"line":207,"column":16}},"104":{"start":{"line":210,"column":0},"end":{"line":217,"column":1}},"105":{"start":{"line":212,"column":2},"end":{"line":212,"column":18}},"106":{"start":{"line":213,"column":2},"end":{"line":215,"column":70}},"107":{"start":{"line":214,"column":4},"end":{"line":215,"column":70}},"108":{"start":{"line":216,"column":2},"end":{"line":216,"column":16}},"109":{"start":{"line":223,"column":0},"end":{"line":231,"column":1}},"110":{"start":{"line":225,"column":2},"end":{"line":225,"column":40}},"111":{"start":{"line":226,"column":2},"end":{"line":227,"column":18}},"112":{"start":{"line":227,"column":4},"end":{"line":227,"column":18}},"113":{"start":{"line":228,"column":2},"end":{"line":229,"column":63}},"114":{"start":{"line":229,"column":4},"end":{"line":229,"column":63}},"115":{"start":{"line":230,"column":2},"end":{"line":230,"column":16}},"116":{"start":{"line":236,"column":0},"end":{"line":242,"column":1}},"117":{"start":{"line":238,"column":2},"end":{"line":238,"column":18}},"118":{"start":{"line":239,"column":2},"end":{"line":240,"column":69}},"119":{"start":{"line":240,"column":4},"end":{"line":240,"column":69}},"120":{"start":{"line":241,"column":2},"end":{"line":241,"column":16}},"121":{"start":{"line":247,"column":0},"end":{"line":339,"column":1}},"122":{"start":{"line":250,"column":2},"end":{"line":250,"column":38}},"123":{"start":{"line":251,"column":2},"end":{"line":251,"column":42}},"124":{"start":{"line":253,"column":2},"end":{"line":253,"column":22}},"125":{"start":{"line":254,"column":2},"end":{"line":254,"column":21}},"126":{"start":{"line":255,"column":2},"end":{"line":255,"column":22}},"127":{"start":{"line":256,"column":2},"end":{"line":256,"column":21}},"128":{"start":{"line":258,"column":2},"end":{"line":337,"column":3}},"129":{"start":{"line":260,"column":4},"end":{"line":260,"column":17}},"130":{"start":{"line":261,"column":4},"end":{"line":261,"column":17}},"131":{"start":{"line":262,"column":4},"end":{"line":262,"column":17}},"132":{"start":{"line":263,"column":4},"end":{"line":263,"column":17}},"133":{"start":{"line":265,"column":4},"end":{"line":265,"column":52}},"134":{"start":{"line":266,"column":4},"end":{"line":266,"column":52}},"135":{"start":{"line":267,"column":4},"end":{"line":267,"column":52}},"136":{"start":{"line":268,"column":4},"end":{"line":268,"column":53}},"137":{"start":{"line":269,"column":4},"end":{"line":269,"column":52}},"138":{"start":{"line":270,"column":4},"end":{"line":270,"column":53}},"139":{"start":{"line":271,"column":4},"end":{"line":271,"column":53}},"140":{"start":{"line":272,"column":4},"end":{"line":272,"column":51}},"141":{"start":{"line":273,"column":4},"end":{"line":273,"column":53}},"142":{"start":{"line":274,"column":4},"end":{"line":274,"column":53}},"143":{"start":{"line":275,"column":4},"end":{"line":275,"column":48}},"144":{"start":{"line":276,"column":4},"end":{"line":276,"column":53}},"145":{"start":{"line":277,"column":4},"end":{"line":277,"column":53}},"146":{"start":{"line":278,"column":4},"end":{"line":278,"column":51}},"147":{"start":{"line":279,"column":4},"end":{"line":279,"column":53}},"148":{"start":{"line":280,"column":4},"end":{"line":280,"column":53}},"149":{"start":{"line":282,"column":4},"end":{"line":282,"column":52}},"150":{"start":{"line":283,"column":4},"end":{"line":283,"column":53}},"151":{"start":{"line":284,"column":4},"end":{"line":284,"column":52}},"152":{"start":{"line":285,"column":4},"end":{"line":285,"column":52}},"153":{"start":{"line":286,"column":4},"end":{"line":286,"column":52}},"154":{"start":{"line":287,"column":4},"end":{"line":287,"column":51}},"155":{"start":{"line":288,"column":4},"end":{"line":288,"column":52}},"156":{"start":{"line":289,"column":4},"end":{"line":289,"column":52}},"157":{"start":{"line":290,"column":4},"end":{"line":290,"column":52}},"158":{"start":{"line":291,"column":4},"end":{"line":291,"column":53}},"159":{"start":{"line":292,"column":4},"end":{"line":292,"column":52}},"160":{"start":{"line":293,"column":4},"end":{"line":293,"column":53}},"161":{"start":{"line":294,"column":4},"end":{"line":294,"column":53}},"162":{"start":{"line":295,"column":4},"end":{"line":295,"column":51}},"163":{"start":{"line":296,"column":4},"end":{"line":296,"column":53}},"164":{"start":{"line":297,"column":4},"end":{"line":297,"column":53}},"165":{"start":{"line":299,"column":4},"end":{"line":299,"column":49}},"166":{"start":{"line":300,"column":4},"end":{"line":300,"column":53}},"167":{"start":{"line":301,"column":4},"end":{"line":301,"column":53}},"168":{"start":{"line":302,"column":4},"end":{"line":302,"column":51}},"169":{"start":{"line":303,"column":4},"end":{"line":303,"column":53}},"170":{"start":{"line":304,"column":4},"end":{"line":304,"column":53}},"171":{"start":{"line":305,"column":4},"end":{"line":305,"column":52}},"172":{"start":{"line":306,"column":4},"end":{"line":306,"column":53}},"173":{"start":{"line":307,"column":4},"end":{"line":307,"column":52}},"174":{"start":{"line":308,"column":4},"end":{"line":308,"column":52}},"175":{"start":{"line":309,"column":4},"end":{"line":309,"column":52}},"176":{"start":{"line":310,"column":4},"end":{"line":310,"column":51}},"177":{"start":{"line":311,"column":4},"end":{"line":311,"column":52}},"178":{"start":{"line":312,"column":4},"end":{"line":312,"column":52}},"179":{"start":{"line":313,"column":4},"end":{"line":313,"column":52}},"180":{"start":{"line":314,"column":4},"end":{"line":314,"column":52}},"181":{"start":{"line":316,"column":4},"end":{"line":316,"column":52}},"182":{"start":{"line":317,"column":4},"end":{"line":317,"column":53}},"183":{"start":{"line":318,"column":4},"end":{"line":318,"column":53}},"184":{"start":{"line":319,"column":4},"end":{"line":319,"column":51}},"185":{"start":{"line":320,"column":4},"end":{"line":320,"column":53}},"186":{"start":{"line":321,"column":4},"end":{"line":321,"column":53}},"187":{"start":{"line":322,"column":4},"end":{"line":322,"column":50}},"188":{"start":{"line":323,"column":4},"end":{"line":323,"column":53}},"189":{"start":{"line":324,"column":4},"end":{"line":324,"column":53}},"190":{"start":{"line":325,"column":4},"end":{"line":325,"column":51}},"191":{"start":{"line":326,"column":4},"end":{"line":326,"column":53}},"192":{"start":{"line":327,"column":4},"end":{"line":327,"column":53}},"193":{"start":{"line":328,"column":4},"end":{"line":328,"column":52}},"194":{"start":{"line":329,"column":4},"end":{"line":329,"column":53}},"195":{"start":{"line":330,"column":4},"end":{"line":330,"column":52}},"196":{"start":{"line":331,"column":4},"end":{"line":331,"column":52}},"197":{"start":{"line":333,"column":4},"end":{"line":333,"column":26}},"198":{"start":{"line":334,"column":4},"end":{"line":334,"column":26}},"199":{"start":{"line":335,"column":4},"end":{"line":335,"column":26}},"200":{"start":{"line":336,"column":4},"end":{"line":336,"column":26}},"201":{"start":{"line":338,"column":2},"end":{"line":338,"column":27}},"202":{"start":{"line":344,"column":0},"end":{"line":347,"column":1}},"203":{"start":{"line":346,"column":2},"end":{"line":346,"column":74}},"204":{"start":{"line":348,"column":0},"end":{"line":351,"column":1}},"205":{"start":{"line":350,"column":2},"end":{"line":350,"column":54}},"206":{"start":{"line":352,"column":0},"end":{"line":355,"column":1}},"207":{"start":{"line":354,"column":2},"end":{"line":354,"column":54}},"208":{"start":{"line":356,"column":0},"end":{"line":359,"column":1}},"209":{"start":{"line":358,"column":2},"end":{"line":358,"column":43}},"210":{"start":{"line":360,"column":0},"end":{"line":363,"column":1}},"211":{"start":{"line":362,"column":2},"end":{"line":362,"column":48}},"212":{"start":{"line":369,"column":0},"end":{"line":374,"column":1}},"213":{"start":{"line":371,"column":2},"end":{"line":371,"column":40}},"214":{"start":{"line":372,"column":2},"end":{"line":372,"column":48}},"215":{"start":{"line":373,"column":2},"end":{"line":373,"column":38}},"216":{"start":{"line":379,"column":0},"end":{"line":382,"column":1}},"217":{"start":{"line":381,"column":2},"end":{"line":381,"column":45}}},"branchMap":{"1":{"line":9,"type":"cond-expr","locations":[{"start":{"line":9,"column":32},"end":{"line":9,"column":75}},{"start":{"line":9,"column":78},"end":{"line":9,"column":84}}]},"2":{"line":56,"type":"if","locations":[{"start":{"line":56,"column":2},"end":{"line":56,"column":2}},{"start":{"line":56,"column":2},"end":{"line":56,"column":2}}]},"3":{"line":75,"type":"cond-expr","locations":[{"start":{"line":75,"column":26},"end":{"line":75,"column":44}},{"start":{"line":75,"column":47},"end":{"line":75,"column":65}}]},"4":{"line":99,"type":"cond-expr","locations":[{"start":{"line":99,"column":33},"end":{"line":99,"column":59}},{"start":{"line":99,"column":62},"end":{"line":99,"column":63}}]},"5":{"line":100,"type":"cond-expr","locations":[{"start":{"line":100,"column":33},"end":{"line":100,"column":54}},{"start":{"line":100,"column":62},"end":{"line":100,"column":63}}]},"6":{"line":103,"type":"if","locations":[{"start":{"line":103,"column":6},"end":{"line":103,"column":6}},{"start":{"line":103,"column":6},"end":{"line":103,"column":6}}]},"7":{"line":143,"type":"if","locations":[{"start":{"line":143,"column":6},"end":{"line":143,"column":6}},{"start":{"line":143,"column":6},"end":{"line":143,"column":6}}]},"8":{"line":143,"type":"binary-expr","locations":[{"start":{"line":143,"column":9},"end":{"line":143,"column":28}},{"start":{"line":143,"column":32},"end":{"line":143,"column":37}}]},"9":{"line":172,"type":"cond-expr","locations":[{"start":{"line":172,"column":31},"end":{"line":172,"column":54}},{"start":{"line":172,"column":57},"end":{"line":172,"column":58}}]},"10":{"line":173,"type":"if","locations":[{"start":{"line":173,"column":4},"end":{"line":173,"column":4}},{"start":{"line":173,"column":4},"end":{"line":173,"column":4}}]},"11":{"line":173,"type":"binary-expr","locations":[{"start":{"line":173,"column":7},"end":{"line":173,"column":18}},{"start":{"line":173,"column":22},"end":{"line":173,"column":33}},{"start":{"line":173,"column":37},"end":{"line":173,"column":48}},{"start":{"line":173,"column":52},"end":{"line":173,"column":63}}]},"12":{"line":180,"type":"if","locations":[{"start":{"line":180,"column":4},"end":{"line":180,"column":4}},{"start":{"line":180,"column":4},"end":{"line":180,"column":4}}]},"13":{"line":182,"type":"if","locations":[{"start":{"line":182,"column":9},"end":{"line":182,"column":9}},{"start":{"line":182,"column":9},"end":{"line":182,"column":9}}]},"14":{"line":185,"type":"if","locations":[{"start":{"line":185,"column":9},"end":{"line":185,"column":9}},{"start":{"line":185,"column":9},"end":{"line":185,"column":9}}]},"15":{"line":189,"type":"if","locations":[{"start":{"line":189,"column":9},"end":{"line":189,"column":9}},{"start":{"line":189,"column":9},"end":{"line":189,"column":9}}]}},"code":["/*"," * A JavaScript implementation of the RSA Data Security, Inc. MD5 Message"," * Digest Algorithm, as defined in RFC 1321."," * Version 2.2 Copyright (C) Paul Johnston 1999 - 2009"," * Other contributors: Greg Holt, Andrew Kepert, Ydnar, Lostinet"," * Distributed under the BSD License"," * See http://pajhome.org.uk/crypt/md5 for more info."," */","(typeof define !== \"function\" ? function($){ $(require, exports, module); } : define)(function(require, exports, module, undefined) {","","exports.hex_md5 = hex_md5;","","/*"," * Configurable variables. You may need to tweak these to be compatible with"," * the server-side, but the defaults work in most cases."," */","var hexcase = 0;   /* hex output format. 0 - lowercase; 1 - uppercase        */","var b64pad  = \"\";  /* base-64 pad character. \"=\" for strict RFC compliance   */","","/*"," * These are the functions you'll usually want to call"," * They take string arguments and return either hex or base-64 encoded strings"," */","function hex_md5(s)    { return rstr2hex(rstr_md5(str2rstr_utf8(s))); }","function b64_md5(s)    { return rstr2b64(rstr_md5(str2rstr_utf8(s))); }","function any_md5(s, e) { return rstr2any(rstr_md5(str2rstr_utf8(s)), e); }","function hex_hmac_md5(k, d)","  { return rstr2hex(rstr_hmac_md5(str2rstr_utf8(k), str2rstr_utf8(d))); }","function b64_hmac_md5(k, d)","  { return rstr2b64(rstr_hmac_md5(str2rstr_utf8(k), str2rstr_utf8(d))); }","function any_hmac_md5(k, d, e)","  { return rstr2any(rstr_hmac_md5(str2rstr_utf8(k), str2rstr_utf8(d)), e); }","","/*"," * Perform a simple self-test to see if the VM is working"," */","function md5_vm_test()","{","  return hex_md5(\"abc\").toLowerCase() == \"900150983cd24fb0d6963f7d28e17f72\";","}","","/*"," * Calculate the MD5 of a raw string"," */","function rstr_md5(s)","{","  return binl2rstr(binl_md5(rstr2binl(s), s.length * 8));","}","","/*"," * Calculate the HMAC-MD5, of a key and some data (raw strings)"," */","function rstr_hmac_md5(key, data)","{","  var bkey = rstr2binl(key);","  if(bkey.length > 16) bkey = binl_md5(bkey, key.length * 8);","","  var ipad = Array(16), opad = Array(16);","  for(var i = 0; i < 16; i++)","  {","    ipad[i] = bkey[i] ^ 0x36363636;","    opad[i] = bkey[i] ^ 0x5C5C5C5C;","  }","","  var hash = binl_md5(ipad.concat(rstr2binl(data)), 512 + data.length * 8);","  return binl2rstr(binl_md5(opad.concat(hash), 512 + 128));","}","","/*"," * Convert a raw string to a hex string"," */","function rstr2hex(input)","{","  try { hexcase } catch(e) { hexcase=0; }","  var hex_tab = hexcase ? \"0123456789ABCDEF\" : \"0123456789abcdef\";","  var output = \"\";","  var x;","  for(var i = 0; i < input.length; i++)","  {","    x = input.charCodeAt(i);","    output += hex_tab.charAt((x >>> 4) & 0x0F)","           +  hex_tab.charAt( x        & 0x0F);","  }","  return output;","}","","/*"," * Convert a raw string to a base-64 string"," */","function rstr2b64(input)","{","  try { b64pad } catch(e) { b64pad=''; }","  var tab = \"ABCDEFGHIJKLMNOPQRSTUVWXYZabcdefghijklmnopqrstuvwxyz0123456789+/\";","  var output = \"\";","  var len = input.length;","  for(var i = 0; i < len; i += 3)","  {","    var triplet = (input.charCodeAt(i) << 16)","                | (i + 1 < len ? input.charCodeAt(i+1) << 8 : 0)","                | (i + 2 < len ? input.charCodeAt(i+2)      : 0);","    for(var j = 0; j < 4; j++)","    {","      if(i * 8 + j * 6 > input.length * 8) output += b64pad;","      else output += tab.charAt((triplet >>> 6*(3-j)) & 0x3F);","    }","  }","  return output;","}","","/*"," * Convert a raw string to an arbitrary string encoding"," */","function rstr2any(input, encoding)","{","  var divisor = encoding.length;","  var i, j, q, x, quotient;","","  /* Convert to an array of 16-bit big-endian values, forming the dividend */","  var dividend = Array(Math.ceil(input.length / 2));","  for(i = 0; i < dividend.length; i++)","  {","    dividend[i] = (input.charCodeAt(i * 2) << 8) | input.charCodeAt(i * 2 + 1);","  }","","  /*","   * Repeatedly perform a long division. The binary array forms the dividend,","   * the length of the encoding is the divisor. Once computed, the quotient","   * forms the dividend for the next step. All remainders are stored for later","   * use.","   */","  var full_length = Math.ceil(input.length * 8 /","                                    (Math.log(encoding.length) / Math.log(2)));","  var remainders = Array(full_length);","  for(j = 0; j < full_length; j++)","  {","    quotient = Array();","    x = 0;","    for(i = 0; i < dividend.length; i++)","    {","      x = (x << 16) + dividend[i];","      q = Math.floor(x / divisor);","      x -= q * divisor;","      if(quotient.length > 0 || q > 0)","        quotient[quotient.length] = q;","    }","    remainders[j] = x;","    dividend = quotient;","  }","","  /* Convert the remainders to the output string */","  var output = \"\";","  for(i = remainders.length - 1; i >= 0; i--)","    output += encoding.charAt(remainders[i]);","","  return output;","}","","/*"," * Encode a string as utf-8."," * For efficiency, this assumes the input is valid utf-16."," */","function str2rstr_utf8(input)","{","  var output = \"\";","  var i = -1;","  var x, y;","","  while(++i < input.length)","  {","    /* Decode utf-16 surrogate pairs */","    x = input.charCodeAt(i);","    y = i + 1 < input.length ? input.charCodeAt(i + 1) : 0;","    if(0xD800 <= x && x <= 0xDBFF && 0xDC00 <= y && y <= 0xDFFF)","    {","      x = 0x10000 + ((x & 0x03FF) << 10) + (y & 0x03FF);","      i++;","    }","","    /* Encode output as utf-8 */","    if(x <= 0x7F)","      output += String.fromCharCode(x);","    else if(x <= 0x7FF)","      output += String.fromCharCode(0xC0 | ((x >>> 6 ) & 0x1F),","                                    0x80 | ( x         & 0x3F));","    else if(x <= 0xFFFF)","      output += String.fromCharCode(0xE0 | ((x >>> 12) & 0x0F),","                                    0x80 | ((x >>> 6 ) & 0x3F),","                                    0x80 | ( x         & 0x3F));","    else if(x <= 0x1FFFFF)","      output += String.fromCharCode(0xF0 | ((x >>> 18) & 0x07),","                                    0x80 | ((x >>> 12) & 0x3F),","                                    0x80 | ((x >>> 6 ) & 0x3F),","                                    0x80 | ( x         & 0x3F));","  }","  return output;","}","","/*"," * Encode a string as utf-16"," */","function str2rstr_utf16le(input)","{","  var output = \"\";","  for(var i = 0; i < input.length; i++)","    output += String.fromCharCode( input.charCodeAt(i)        & 0xFF,","                                  (input.charCodeAt(i) >>> 8) & 0xFF);","  return output;","}","","function str2rstr_utf16be(input)","{","  var output = \"\";","  for(var i = 0; i < input.length; i++)","    output += String.fromCharCode((input.charCodeAt(i) >>> 8) & 0xFF,","                                   input.charCodeAt(i)        & 0xFF);","  return output;","}","","/*"," * Convert a raw string to an array of little-endian words"," * Characters >255 
[...]
"329":0,"330":0,"331":0,"333":0,"334":0,"335":0,"336":0,"338":0,"344":1,"346":0,"348":1,"350":0,"352":1,"354":0,"356":1,"358":0,"360":1,"362":0,"369":1,"371":0,"372":0,"373":0,"379":1,"381":0}},"/home/travis/build/npmtest/node-npmtest-crypto/node_modules/crypto/sha1.js":{"path":"/home/travis/build/npmtest/node-npmtest-crypto/node_modules/crypto/sha1.js","s":{"1":1,"2":1,"3":1,"4":1,"5":1,"6":1,"7":1,"8":1,"9":1,"10":1,"11":1,"12":1,"13":0,"14":1,"15":0,"16":1,"17":0,"18":1,"19":0,"20":1,"21":0,"22":1,"23":0,"24":1,"25":0,"26":1,"27":0,"28":0,"29":0,"30":0,"31":0,"32":0,"33":0,"34":0,"35":0,"36":0,"37":0,"38":0,"39":0,"40":0,"41":0,"42":0,"43":0,"44":0,"45":0,"46":0,"47":0,"48":0,"49":0,"50":0,"51":0,"52":0,"53":0,"54":0,"55":0,"56":0,"57":1,"58":0,"59":0,"60":0,"61":0,"62":0,"63":0,"64":0,"65":1,"66":0,"67":1,"68":0,"69":0,"70":0,"71":0,"72":0,"73":0,"74":0,"75":0,"76":0,"77":1,"78":0,"79":0,"80":0,"81":1,"82":0,"83":1,"84":0,"85":0,"86":0,"87":0,"88":0,"89":1,"90":0,"91":0,"92":0,"93":0,"94":0,"95":1,"96":0,"97":0,"98":0,"99":0,"100":0,"101":1,"102":0,"103":0,"104":0,"105":0,"106":0,"107":0,"108":0,"109":0,"110":0},"b":{"1":[1,0],"2":[0,0],"3":[0,0],"4":[0,0],"5":[0,0],"6":[0,0],"7":[0,0],"8":[0,0],"9":[0,0],"10":[0,0],"11":[0,0]},"f":{"1":1,"2":1,"3":0,"4":0,"5":0,"6":0,"7":0,"8":0,"9":0,"10":0,"11":0,"12":0,"13":0,"14":0,"15":0,"16":0,"17":0,"18":0,"19":0},"fnMap":{"1":{"name":"(anonymous_1)","line":9,"loc":{"start":{"line":9,"column":32},"end":{"line":9,"column":43}}},"2":{"name":"(anonymous_2)","line":9,"loc":{"start":{"line":9,"column":86},"end":{"line":9,"column":132}}},"3":{"name":"hex_sha1","line":30,"loc":{"start":{"line":30,"column":0},"end":{"line":30,"column":20}}},"4":{"name":"b64_sha1","line":31,"loc":{"start":{"line":31,"column":0},"end":{"line":31,"column":20}}},"5":{"name":"str_sha1","line":32,"loc":{"start":{"line":32,"column":0},"end":{"line":32,"column":20}}},"6":{"name":"hex_hmac_sha1","line":33,"loc":{"start":{"line":33,"column":0},"end":{"line":33,"column":33}}},"7":{"name":"b64_hmac_sha1","line":34,"loc":{"start":{"line":34,"column":0},"end":{"line":34,"column":33}}},"8":{"name":"str_hmac_sha1","line":35,"loc":{"start":{"line":35,"column":0},"end":{"line":35,"column":33}}},"9":{"name":"sha1_vm_test","line":40,"loc":{"start":{"line":40,"column":0},"end":{"line":41,"column":0}}},"10":{"name":"core_sha1","line":48,"loc":{"start":{"line":48,"column":0},"end":{"line":49,"column":0}}},"11":{"name":"sha1_ft","line":96,"loc":{"start":{"line":96,"column":0},"end":{"line":97,"column":0}}},"12":{"name":"sha1_kt","line":107,"loc":{"start":{"line":107,"column":0},"end":{"line":108,"column":0}}},"13":{"name":"core_hmac_sha1","line":116,"loc":{"start":{"line":116,"column":0},"end":{"line":117,"column":0}}},"14":{"name":"safe_add","line":136,"loc":{"start":{"line":136,"column":0},"end":{"line":137,"column":0}}},"15":{"name":"rol","line":146,"loc":{"start":{"line":146,"column":0},"end":{"line":147,"column":0}}},"16":{"name":"str2binb","line":155,"loc":{"start":{"line":155,"column":0},"end":{"line":156,"column":0}}},"17":{"name":"binb2str","line":167,"loc":{"start":{"line":167,"column":0},"end":{"line":168,"column":0}}},"18":{"name":"binb2hex","line":179,"loc":{"start":{"line":179,"column":0},"end":{"line":180,"column":0}}},"19":{"name":"binb2b64","line":194,"loc":{"start":{"line":194,"column":0},"end":{"line":195,"column":0}}}},"statementMap":{"1":{"start":{"line":9,"column":0},"end":{"line":212,"column":3}},"2":{"start":{"line":9,"column":45},"end":{"line":9,"column":73}},"3":{"start":{"line":11,"column":0},"end":{"line":11,"column":28}},"4":{"start":{"line":12,"column":0},"end":{"line":12,"column":28}},"5":{"start":{"line":13,"column":0},"end":{"line":13,"column":28}},"6":{"start":{"line":14,"column":0},"end":{"line":14,"column":38}},"7":{"start":{"line":15,"column":0},"end":{"line":15,"column":38}},"8":{"start":{"line":16,"column":0},"end":{"line":16,"column":38}},"9":{"start":{"line":22,"column":0},"end":{"line":22,"column":16}},"10":{"start":{"line":23,"column":0},"end":{"line":23,"column":17}},"11":{"start":{"line":24,"column":0},"end":{"line":24,"column":16}},"12":{"start":{"line":30,"column":0},"end":{"line":30,"column":79}},"13":{"start":{"line":30,"column":21},"end":{"line":30,"column":78}},"14":{"start":{"line":31,"column":0},"end":{"line":31,"column":79}},"15":{"start":{"line":31,"column":21},"end":{"line":31,"column":78}},"16":{"start":{"line":32,"column":0},"end":{"line":32,"column":79}},"17":{"start":{"line":32,"column":21},"end":{"line":32,"column":78}},"18":{"start":{"line":33,"column":0},"end":{"line":33,"column":79}},"19":{"start":{"line":33,"column":35},"end":{"line":33,"column":78}},"20":{"start":{"line":34,"column":0},"end":{"line":34,"column":79}},"21":{"start":{"line":34,"column":35},"end":{"line":34,"column":78}},"22":{"start":{"line":35,"column":0},"end":{"line":35,"column":79}},"23":{"start":{"line":35,"column":35},"end":{"line":35,"column":78}},"24":{"start":{"line":40,"column":0},"end":{"line":43,"column":1}},"25":{"start":{"line":42,"column":2},"end":{"line":42,"column":71}},"26":{"start":{"line":48,"column":0},"end":{"line":90,"column":1}},"27":{"start":{"line":51,"column":2},"end":{"line":51,"column":41}},"28":{"start":{"line":52,"column":2},"end":{"line":52,"column":39}},"29":{"start":{"line":54,"column":2},"end":{"line":54,"column":20}},"30":{"start":{"line":55,"column":2},"end":{"line":55,"column":22}},"31":{"start":{"line":56,"column":2},"end":{"line":56,"column":21}},"32":{"start":{"line":57,"column":2},"end":{"line":57,"column":22}},"33":{"start":{"line":58,"column":2},"end":{"line":58,"column":21}},"34":{"start":{"line":59,"column":2},"end":{"line":59,"column":22}},"35":{"start":{"line":61,"column":2},"end":{"line":87,"column":3}},"36":{"start":{"line":63,"column":4},"end":{"line":63,"column":17}},"37":{"start":{"line":64,"column":4},"end":{"line":64,"column":17}},"38":{"start":{"line":65,"column":4},"end":{"line":65,"column":17}},"39":{"start":{"line":66,"column":4},"end":{"line":66,"column":17}},"40":{"start":{"line":67,"column":4},"end":{"line":67,"column":17}},"41":{"start":{"line":69,"column":4},"end":{"line":80,"column":5}},"42":{"start":{"line":71,"column":6},"end":{"line":72,"column":62}},"43":{"start":{"line":71,"column":17},"end":{"line":71,"column":33}},"44":{"start":{"line":72,"column":11},"end":{"line":72,"column":62}},"45":{"start":{"line":73,"column":6},"end":{"line":74,"column":64}},"46":{"start":{"line":75,"column":6},"end":{"line":75,"column":12}},"47":{"start":{"line":76,"column":6},"end":{"line":76,"column":12}},"48":{"start":{"line":77,"column":6},"end":{"line":77,"column":21}},"49":{"start":{"line":78,"column":6},"end":{"line":78,"column":12}},"50":{"start":{"line":79,"column":6},"end":{"line":79,"column":12}},"51":{"start":{"line":82,"column":4},"end":{"line":82,"column":26}},"52":{"start":{"line":83,"column":4},"end":{"line":83,"column":26}},"53":{"start":{"line":84,"column":4},"end":{"line":84,"column":26}},"54":{"start":{"line":85,"column":4},"end":{"line":85,"column":26}},"55":{"start":{"line":86,"column":4},"end":{"line":86,"column":26}},"56":{"start":{"line":88,"column":2},"end":{"line":88,"column":30}},"57":{"start":{"line":96,"column":0},"end":{"line":102,"column":1}},"58":{"start":{"line":98,"column":2},"end":{"line":98,"column":41}},"59":{"start":{"line":98,"column":13},"end":{"line":98,"column":41}},"60":{"start":{"line":99,"column":2},"end":{"line":99,"column":30}},"61":{"start":{"line":99,"column":13},"end":{"line":99,"column":30}},"62":{"start":{"line":100,"column":2},"end":{"line":100,"column":48}},"63":{"start":{"line":100,"column":13},"end":{"line":100,"column":48}},"64":{"start":{"line":101,"column":2},"end":{"line":101,"column":19}},"65":{"start":{"line":107,"column":0},"end":{"line":111,"column":1}},"66":{"start":{"line":109,"column":2},"end":{"line":110,"column":45}},"67":{"start":{"line":116,"column":0},"end":{"line":130,"column":1}},"68":{"start":{"line":118,"column":2},"end":{"line":118,"column":27}},"69":{"start":{"line":119,"column":2},"end":{"line":119,"column":66}},"70":{"start":{"line":119,"column":23},"end":{"line":119,"column":66}},"71":{"start":{"line":121,"column":2},"end":{"line":121,"column":41}},"72":{"start":{"line":122,"column":2},"end":{"line":126,"column":3}},"73":{"start":{"line":124,"column":4},"end":{"line":124,"column":35}},"74":{"start":{"line":125,"column":4},"end":{"line":125,"column":35}},"75":{"start":{"line":128,"column":2},"end":{"line":128,"column":79}},"76":{"start":{"line":129,"column":2},"end":{"line":129,"column":49}},"77":{"start":{"line":136,"column":0},"end":{"line":141,"column":1}},"78":{"start":{"line":138,"column":2},"end":{"line":138,"column":40}},"79":{"start":{"line":139,"column":2},"end":{"line":139,"column":48}},"80":{"start":{"line":140,"column":2},"end":{"line":140,"column":38}},"81":{"start":{"line":146,"column":0},"end":{"line":149,"column":1}},"82":{"start":{"line":148,"column":2},"end":{"line":148,"column":45}},"83":{"start":{"line":155,"column":0},"end":{"line":162,"column":1}},"84":{"start":{"line":157,"column":2},"end":{"line":157,"column":20}},"85":{"start":{"line":158,"column":2},"end":{"line":158,"column":30}},"86":{"start":{"line":159,"column":2},"end":{"line":160,"column":75}},"87":{"start":{"line":160,"column":4},"end":{"line":160,"column":75}},"88":{"start":{"line":161,"column":2},"end":{"line":161,"column":13}},"89":{"start":{"line":167,"column":0},"end":{"line":174,"column":1}},"90":{"start":{"line":169,"column":2},"end":{"line":169,"column":15}},"91":{"start":{"line":170,"column":2},"end":{"line":170,"column":30}},"92":{"start":{"line":171,"column":2},"end":{"line":172,"column":75}},"93":{"start":{"line":172,"column":4},"end":{"line":172,"column":75}},"94":{"start":{"line":173,"column":2},"end":{"line":173,"column":13}},"95":{"start":{"line":179,"column":0},"end":{"line":189,"column":1}},"96":{"start":{"line":181,"column":2},"end":{"line":181,"column":66}},"97":{"start":{"line":182,"column":2},"end":{"line":182,"column":15}},"98":{"start":{"line":183,"column":2},"end":{"line":187,"column":3}},"99":{"start":{"line":185,"column":4},"end":{"line":186,"column":69}},"100":{"start":{"line":188,"column":2},"end":{"line":188,"column":13}},"101":{"start":{"line":194,"column":0},"end":{"line":210,"column":1}},"102":{"start":{"line":196,"column":2},"end":{"line":196,"column":79}},"103":{"start":{"line":197,"column":2},"end":{"line":197,"column":15}},"104":{"start":{"line":198,"column":2},"end":{"line":208,"column":3}},"105":{"start":{"line":200,"column":4},"end":{"line":202,"column":70}},"106":{"start":{"line":203,"column":4},"end":{"line":207,"column":5}},"107":{"start":{"line":205,"column":6},"end":{"line":206,"column":58}},"108":{"start":{"line":205,"column":47},"end":{"line":205,"column":61}},"109":{"start":{"line":206,"column":11},"end":{"line":206,"column":58}},"110":{"start":{"line":209,"column":2},"end":{"line":209,"column":13}}},"branchMap":{"1":{"line":9,"type":"cond-expr","locations":[{"start":{"line":9,"column":32},"end":{"line":9,"column":75}},{"start":{"line":9,"column":78},"end":{"line":9,"column":84}}]},"2":{"line":71,"type":"if","locations":[{"start":{"line":71,"column":6},"end":{"line":71,"column":6}},{"start":{"line":71,"column":6},"end":{"line":71,"column":6}}]},"3":{"line":98,"type":"if","locations":[{"start":{"line":98,"column":2},"end":{"line":98,"column":2}},{"start":{"line":98,"column":2},"end":{"line":98,"column":2}}]},"4":{"line":99,"type":"if","locations":[{"start":{"line":99,"column":2},"end":{"line":99,"column":2}},{"start":{"line":99,"column":2},"end":{"line":99,"column":2}}]},"5":{"line":100,"type":"if","locations":[{"start":{"line":100,"column":2},"end":{"line":100,"column":2}},{"start":{"line":100,"column":2},"end":{"line":100,"column":2}}]},"6":{"line":109,"type":"cond-expr","locations":[{"start":{"line":109,"column":21},"end":{"line":109,"column":31}},{"start":{"line":109,"column":34},"end":{"line":110,"column":44}}]},"7":{"line":109,"type":"cond-expr","locations":[{"start":{"line":109,"column":46},"end":{"line":109,"column":56}},{"start":{"line":110,"column":9},"end":{"line":110,"column":44}}]},"8":{"line":110,"type":"cond-expr","locations":[{"start":{"line":110,"column":20},"end":{"line":110,"column":31}},{"start":{"line":110,"column":34},"end":{"line":110,"column":44}}]},"9":{"line":119,"type":"if","locations":[{"start":{"line":119,"column":2},"end":{"line":119,"column":2}},{"start":{"line":119,"column":2},"end":{"line":119,"column":2}}]},"10":{"line":181,"type":"cond-expr","locations":[{"start":{"line":181,"column":26},"end":{"line":181,"column":44}},{"start":{"line":181,"column":47},"end":{"line":181,"column":65}}]},"11":{"line":205,"type":"if","locations":[{"start":{"line":205,"column":6},"end":{"line":205,"column":6}},{"start":{"line":205,"column":6},"end":{"line":205,"column":6}}]}},"code":["/*"," * A JavaScript implementation of the Secure Hash Algorithm, SHA-1, as defined"," * in FIPS PUB 180-1"," * Version 2.1a Copyright Paul Johnston 2000 - 2002."," * Other contributors: Greg Holt, Andrew Kepert, Ydnar, Lostinet"," * Distributed under the BSD License"," * See http://pajhome.org.uk/crypt/md5 for details."," */","(typeof define !== \"function\" ? function($){ $(require, exports, module); } : define)(function(require, exports, module, undefined) {","","exports.hex_sha1 = hex_sha1;","exports.b64_sha1 = b64_sha1;","exports.str_sha1 = str_sha1;","exports.hex_hmac_sha1 = hex_hmac_sha1;","exports.b64_hmac_sha1 = b64_hmac_sha1;","exports.str_hmac_sha1 = str_hmac_sha1;","","/*"," * Configurable variables. You may need to tweak these to be compatible with"," * the server-side, but the defaults work in most cases."," */","var hexcase = 0;  /* hex output format. 0 - lowercase; 1 - uppercase        */","var b64pad  = \"\"; /* base-64 pad character. \"=\" for strict RFC compliance   */","var chrsz   = 8;  /* bits per input character. 8 - ASCII; 16 - Unicode      */","","/*"," * These are the functions you'll usually want to call"," * They take string arguments and return either hex or base-64 encoded strings"," */","function hex_sha1(s){return binb2hex(core_sha1(str2binb(s),s.length * chrsz));}","function b64_sha1(s){return binb2b64(core_sha1(str2binb(s),s.length * chrsz));}","function str_sha1(s){return binb2str(core_sha1(str2binb(s),s.length * chrsz));}","function hex_hmac_sha1(key, data){ return binb2hex(core_hmac_sha1(key, data));}","function b64_hmac_sha1(key, data){ return binb2b64(core_hmac_sha1(key, data));}","function str_hmac_sha1(key, data){ return binb2str(core_hmac_sha1(key, data));}","","/*"," * Perform a simple self-test to see if the VM is working"," */","function sha1_vm_test()","{","  return hex_sha1(\"abc\") == \"a9993e364706816aba3e25717850c26c9cd0d89d\";","}","","/*"," * Calculate the SHA-1 of an array of big-endian words, and a bit length"," */","function core_sha1(x, len)","{","  /* append padding */","  x[len >> 5] |= 0x80 << (24 - len % 32);","  x[((len + 64 >> 9) << 4) + 15] = len;","","  var w = Array(80);","  var a =  1732584193;","  var b = -271733879;","  var c = -1732584194;","  var d =  271733878;","  var e = -1009589776;","","  for(var i = 0; i < x.length; i += 16)","  {","    var olda = a;","    var oldb = b;","    var oldc = c;","    var oldd = d;","    var olde = e;","","    for(var j = 0; j < 80; j++)","    {","      if(j < 16) w[j] = x[i + j];","      else w[j] = rol(w[j-3] ^ w[j-8] ^ w[j-14] ^ w[j-16], 1);","      var t = safe_add(safe_add(rol(a, 5), sha1_ft(j, b, c, d)),","                       safe_add(safe_add(e, w[j]), sha1_kt(j)));","      e = d;","      d = c;","      c = rol(b, 30);","      b = a;","      a = t;","    }","","    a = safe_add(a, olda);","    b = safe_add(b, oldb);","    c = safe_add(c, oldc);","    d = safe_add(d, oldd);","    e = safe_add(e, olde);","  }","  return Array(a, b, c, d, e);","","}","","/*"," * Perform the appropriate triplet combination function for the current"," * iteration"," */","function sha1_ft(t, b, c, d)","{","  if(t < 20) return (b & c) | ((~b) & d);","  if(t < 40) return b ^ c ^ d;","  if(t < 60) return (b & c) | (b & d) | (c & d);","  return b ^ c ^ d;","}","","/*"," * Determine the appropriate additive constant for the current iteration"," */","function sha1_kt(t)","{","  return (t < 20) ?  1518500249 : (t < 40) ?  1859775393 :","         (t < 60) ? -1894007588 : -899497514;","}","","/*"," * Calculate the HMAC-SHA1 of a key and some data"," */","function core_hmac_sha1(key, data)","{","  var bkey = str2binb(key);","  if(bkey.length > 16) bkey = core_sha1(bkey, key.length * chrsz);","","  var ipad = Array(16), opad = Array(16);","  for(var i = 0; i < 16; i++)","  {","    ipad[i] = bkey[i] ^ 0x36363636;","    opad[i] = bkey[i] ^ 0x5C5C5C5C;","  }","","  var hash = core_sha1(ipad.concat(str2binb(data)), 512 + data.length * chrsz);","  return core_sha1(opad.concat(hash), 512 + 160);","}","","/*"," * Add integers, wrapping at 2^32. This uses 16-bit operations internally"," * to work around bugs in some JS interpreters."," */","function safe_add(x, y)","{","  var lsw = (x & 0xFFFF) + (y & 0xFFFF);","  var msw = (x >> 16) + (y >> 16) + (lsw >> 16);","  return (msw << 16) | (lsw & 0xFFFF);","}","","/*"," * Bitwise rotate a 32-bit number to the left."," */","function rol(num, cnt)","{","  return (num << cnt) | (num >>> (32 - cnt));","}","","/*"," * Convert an 8-bit or 16-bit string to an array of big-endian words"," * In 8-bit function, characters >255 have their hi-byte silently ignored."," */","function str2binb(str)","{","  var bin = Array();","  var mask = (1 << chrsz) - 1;","  for(var i = 0; i < str.length * chrsz; i += chrsz)","    bin[i>>5] |= (str.charCodeAt(i / chrsz) & mask) << (32 - chrsz - i%32);","  return bin;","}","","/*"," * Convert an array of big-endian words to a string"," */","function binb2str(bin)","{","  var str = \"\";","  var mask = (1 << chrsz) - 1;","  for(var i = 0; i < bin.length * 32; i += chrsz)","    str += String.fromCharCode((bin[i>>5] >>> (32 - chrsz - i%32)) & mask);","  return str;","}","","/*"," * Convert an array of big-endian words to a hex string."," */","function binb2hex(binarray)","{","  var hex_tab = hexcase ? \"0123456789ABCDEF\" : \"0123456789abcdef\";","  var str = \"\";","  for(var i = 0; i < binarray.length * 4; i++)","  {","    str += hex_tab.charAt((binarray[i>>2] >> ((3 - i%4)*8+4)) & 0xF) +","           hex_tab.charAt((binarray[i>>2] >> ((3 - i%4)*8  )) & 0xF);","  }","  return str;","}","","/*"," * Convert an array of big-endian words to a base-64 string"," */","function binb2b64(binarray)","{","  var tab = \"ABCDEFGHIJKLMNOPQRSTUVWXYZabcdefghijklmnopqrstuvwxyz0123456789+/\";","  var str = \"\";","  for(var i = 0; i < binarray.length * 4; i += 3)","  {","    var triplet = (((binarray[i   >> 2] >> 8 * (3 -  i   %4)) & 0xFF) << 16)","                | (((binarray[i+1 >> 2] >> 8 * (3 - (i+1)%4)) & 0xFF) << 8 )","                |  ((binarray[i+2 >> 2] >> 8 * (3 - (i+2)%4)) & 0xFF);","    for(var j = 0; j < 4; j++)","    {","      if(i * 8 + j * 6 > binarray.length * 32) str += b64pad;","      else str += tab.charAt((triplet >> 6*(3-j)) & 0x3F);","    }","  }","  return str;","}","","});",""],"l":{"9":1,"11":1,"12":1,"13":1,"14":1,"15":1,"16":1,"22":1,"23":1,"24":1,"30":1,"31":1,"32":1,"33":1,"34":1,"35":1,"40":1,"42":0,"48":1,"51":0,"52":0,"54":0,"55":0,"56":0,"57":0,"58":0,"59":0,"61":0,"63":0,"64":0,"65":0,"66":0,"67":0,"69":0,"71":0,"72":0,"73":0,"75":0,"76":0,"77":0,"78":0,"79":0,"82":0,"83":0,"84":0,"85":0,"86":0,"88":0,"96":1,"98":0,"99":0,"100":0,"101":0,"107":1,"109":0,"116":1,"118":0,"119":0,"121":0,"122":0,"124":0,"125":0,"128":0,"129":0,"136":1,"138":0,"139":0,"140":0,"146":1,"148":0,"155":1,"157":0,"158":0,"159":0,"160":0,"161":0,"167":1,"169":0,"170":0,"171":0,"172":0,"173":0,"179":1,"181":0,"182":0,"183":0,"185":0,"188":0,"194":1,"196":0,"197":0,"198":0,"200":0,"203":0,"205":0,"206":0,"209":0}}}